<?xml version="1.0" encoding="UTF-8"?>
<testsuite xmlns:xsi="http://www.w3.org/2001/XMLSchema-instance" xsi:noNamespaceSchemaLocation="https://maven.apache.org/surefire/maven-surefire-plugin/xsd/surefire-test-report.xsd" version="3.0.2" name="com.spacefleet.spaceshipapi.integration.SpaceshipIntegrationTest" time="8.144" tests="1" errors="0" skipped="0" failures="0">
  <properties>
    <property name="java.specification.version" value="21"/>
    <property name="sun.jnu.encoding" value="UTF-8"/>
    <property name="java.class.path" value="/Users/leonardoolivera/work/personal/challenge_MindData/V2/spaceship-api/target/test-classes:/Users/leonardoolivera/work/personal/challenge_MindData/V2/spaceship-api/target/classes:/Users/leonardoolivera/.m2/repository/org/springframework/boot/spring-boot-starter-web/3.5.3/spring-boot-starter-web-3.5.3.jar:/Users/leonardoolivera/.m2/repository/org/springframework/boot/spring-boot-starter/3.5.3/spring-boot-starter-3.5.3.jar:/Users/leonardoolivera/.m2/repository/org/springframework/boot/spring-boot/3.5.3/spring-boot-3.5.3.jar:/Users/leonardoolivera/.m2/repository/org/springframework/boot/spring-boot-starter-logging/3.5.3/spring-boot-starter-logging-3.5.3.jar:/Users/leonardoolivera/.m2/repository/ch/qos/logback/logback-classic/1.5.18/logback-classic-1.5.18.jar:/Users/leonardoolivera/.m2/repository/ch/qos/logback/logback-core/1.5.18/logback-core-1.5.18.jar:/Users/leonardoolivera/.m2/repository/org/apache/logging/log4j/log4j-to-slf4j/2.24.3/log4j-to-slf4j-2.24.3.jar:/Users/leonardoolivera/.m2/repository/org/apache/logging/log4j/log4j-api/2.24.3/log4j-api-2.24.3.jar:/Users/leonardoolivera/.m2/repository/org/slf4j/jul-to-slf4j/2.0.17/jul-to-slf4j-2.0.17.jar:/Users/leonardoolivera/.m2/repository/jakarta/annotation/jakarta.annotation-api/2.1.1/jakarta.annotation-api-2.1.1.jar:/Users/leonardoolivera/.m2/repository/org/yaml/snakeyaml/2.4/snakeyaml-2.4.jar:/Users/leonardoolivera/.m2/repository/org/springframework/boot/spring-boot-starter-json/3.5.3/spring-boot-starter-json-3.5.3.jar:/Users/leonardoolivera/.m2/repository/com/fasterxml/jackson/datatype/jackson-datatype-jdk8/2.19.1/jackson-datatype-jdk8-2.19.1.jar:/Users/leonardoolivera/.m2/repository/com/fasterxml/jackson/datatype/jackson-datatype-jsr310/2.19.1/jackson-datatype-jsr310-2.19.1.jar:/Users/leonardoolivera/.m2/repository/com/fasterxml/jackson/module/jackson-module-parameter-names/2.19.1/jackson-module-parameter-names-2.19.1.jar:/Users/leonardoolivera/.m2/repository/org/springframework/boot/spring-boot-starter-tomcat/3.5.3/spring-boot-starter-tomcat-3.5.3.jar:/Users/leonardoolivera/.m2/repository/org/apache/tomcat/embed/tomcat-embed-core/10.1.42/tomcat-embed-core-10.1.42.jar:/Users/leonardoolivera/.m2/repository/org/apache/tomcat/embed/tomcat-embed-el/10.1.42/tomcat-embed-el-10.1.42.jar:/Users/leonardoolivera/.m2/repository/org/apache/tomcat/embed/tomcat-embed-websocket/10.1.42/tomcat-embed-websocket-10.1.42.jar:/Users/leonardoolivera/.m2/repository/org/springframework/spring-web/6.2.8/spring-web-6.2.8.jar:/Users/leonardoolivera/.m2/repository/org/springframework/spring-beans/6.2.8/spring-beans-6.2.8.jar:/Users/leonardoolivera/.m2/repository/org/springframework/spring-webmvc/6.2.8/spring-webmvc-6.2.8.jar:/Users/leonardoolivera/.m2/repository/org/springframework/spring-expression/6.2.8/spring-expression-6.2.8.jar:/Users/leonardoolivera/.m2/repository/org/springframework/boot/spring-boot-starter-data-mongodb/3.5.3/spring-boot-starter-data-mongodb-3.5.3.jar:/Users/leonardoolivera/.m2/repository/org/mongodb/mongodb-driver-sync/5.5.1/mongodb-driver-sync-5.5.1.jar:/Users/leonardoolivera/.m2/repository/org/mongodb/bson/5.5.1/bson-5.5.1.jar:/Users/leonardoolivera/.m2/repository/org/mongodb/mongodb-driver-core/5.5.1/mongodb-driver-core-5.5.1.jar:/Users/leonardoolivera/.m2/repository/org/mongodb/bson-record-codec/5.5.1/bson-record-codec-5.5.1.jar:/Users/leonardoolivera/.m2/repository/org/springframework/data/spring-data-mongodb/4.5.1/spring-data-mongodb-4.5.1.jar:/Users/leonardoolivera/.m2/repository/org/springframework/data/spring-data-commons/3.5.1/spring-data-commons-3.5.1.jar:/Users/leonardoolivera/.m2/repository/org/slf4j/slf4j-api/2.0.17/slf4j-api-2.0.17.jar:/Users/leonardoolivera/.m2/repository/io/mongock/mongock-springboot/5.5.1/mongock-springboot-5.5.1.jar:/Users/leonardoolivera/.m2/repository/io/mongock/mongock-springboot-base/5.5.1/mongock-springboot-base-5.5.1.jar:/Users/leonardoolivera/.m2/repository/io/mongock/mongock-spring-base/5.5.1/mongock-spring-base-5.5.1.jar:/Users/leonardoolivera/.m2/repository/io/mongock/mongock-runner-core/5.5.1/mongock-runner-core-5.5.1.jar:/Users/leonardoolivera/.m2/repository/org/reflections/reflections/0.10.1/reflections-0.10.1.jar:/Users/leonardoolivera/.m2/repository/org/apache/maven/maven-artifact/3.6.1/maven-artifact-3.6.1.jar:/Users/leonardoolivera/.m2/repository/org/codehaus/plexus/plexus-utils/3.2.0/plexus-utils-3.2.0.jar:/Users/leonardoolivera/.m2/repository/com/google/code/gson/gson/2.13.1/gson-2.13.1.jar:/Users/leonardoolivera/.m2/repository/io/mongock/mongock-utils/5.5.1/mongock-utils-5.5.1.jar:/Users/leonardoolivera/.m2/repository/org/springframework/boot/spring-boot-configuration-processor/3.5.3/spring-boot-configuration-processor-3.5.3.jar:/Users/leonardoolivera/.m2/repository/io/mongock/mongodb-springdata-v4-driver/5.5.1/mongodb-springdata-v4-driver-5.5.1.jar:/Users/leonardoolivera/.m2/repository/io/mongock/mongock-driver-core/5.5.1/mongock-driver-core-5.5.1.jar:/Users/leonardoolivera/.m2/repository/io/mongock/mongock-driver-api/5.5.1/mongock-driver-api-5.5.1.jar:/Users/leonardoolivera/.m2/repository/org/javassist/javassist/3.28.0-GA/javassist-3.28.0-GA.jar:/Users/leonardoolivera/.m2/repository/com/google/guava/guava/32.1.3-jre/guava-32.1.3-jre.jar:/Users/leonardoolivera/.m2/repository/com/google/guava/failureaccess/1.0.1/failureaccess-1.0.1.jar:/Users/leonardoolivera/.m2/repository/com/google/guava/listenablefuture/9999.0-empty-to-avoid-conflict-with-guava/listenablefuture-9999.0-empty-to-avoid-conflict-with-guava.jar:/Users/leonardoolivera/.m2/repository/com/google/code/findbugs/jsr305/3.0.2/jsr305-3.0.2.jar:/Users/leonardoolivera/.m2/repository/org/checkerframework/checker-qual/3.37.0/checker-qual-3.37.0.jar:/Users/leonardoolivera/.m2/repository/com/google/j2objc/j2objc-annotations/2.8/j2objc-annotations-2.8.jar:/Users/leonardoolivera/.m2/repository/javax/inject/javax.inject/1/javax.inject-1.jar:/Users/leonardoolivera/.m2/repository/io/mongock/mongock-api/5.5.1/mongock-api-5.5.1.jar:/Users/leonardoolivera/.m2/repository/io/mongock/mongodb-sync-v4-driver/5.5.1/mongodb-sync-v4-driver-5.5.1.jar:/Users/leonardoolivera/.m2/repository/org/springframework/boot/spring-boot-autoconfigure/3.5.3/spring-boot-autoconfigure-3.5.3.jar:/Users/leonardoolivera/.m2/repository/org/springframework/boot/spring-boot-starter-security/3.5.3/spring-boot-starter-security-3.5.3.jar:/Users/leonardoolivera/.m2/repository/org/springframework/spring-aop/6.2.8/spring-aop-6.2.8.jar:/Users/leonardoolivera/.m2/repository/org/springframework/security/spring-security-config/6.5.1/spring-security-config-6.5.1.jar:/Users/leonardoolivera/.m2/repository/org/springframework/security/spring-security-core/6.5.1/spring-security-core-6.5.1.jar:/Users/leonardoolivera/.m2/repository/org/springframework/security/spring-security-crypto/6.5.1/spring-security-crypto-6.5.1.jar:/Users/leonardoolivera/.m2/repository/org/springframework/security/spring-security-web/6.5.1/spring-security-web-6.5.1.jar:/Users/leonardoolivera/.m2/repository/io/jsonwebtoken/jjwt-api/0.11.5/jjwt-api-0.11.5.jar:/Users/leonardoolivera/.m2/repository/io/jsonwebtoken/jjwt-impl/0.11.5/jjwt-impl-0.11.5.jar:/Users/leonardoolivera/.m2/repository/io/jsonwebtoken/jjwt-jackson/0.11.5/jjwt-jackson-0.11.5.jar:/Users/leonardoolivera/.m2/repository/com/fasterxml/jackson/core/jackson-databind/2.19.1/jackson-databind-2.19.1.jar:/Users/leonardoolivera/.m2/repository/com/fasterxml/jackson/core/jackson-annotations/2.19.1/jackson-annotations-2.19.1.jar:/Users/leonardoolivera/.m2/repository/com/fasterxml/jackson/core/jackson-core/2.19.1/jackson-core-2.19.1.jar:/Users/leonardoolivera/.m2/repository/org/springframework/kafka/spring-kafka/3.3.7/spring-kafka-3.3.7.jar:/Users/leonardoolivera/.m2/repository/org/springframework/spring-context/6.2.8/spring-context-6.2.8.jar:/Users/leonardoolivera/.m2/repository/org/springframework/spring-messaging/6.2.8/spring-messaging-6.2.8.jar:/Users/leonardoolivera/.m2/repository/org/springframework/spring-tx/6.2.8/spring-tx-6.2.8.jar:/Users/leonardoolivera/.m2/repository/org/springframework/retry/spring-retry/2.0.12/spring-retry-2.0.12.jar:/Users/leonardoolivera/.m2/repository/org/apache/kafka/kafka-clients/3.9.1/kafka-clients-3.9.1.jar:/Users/leonardoolivera/.m2/repository/com/github/luben/zstd-jni/1.5.6-4/zstd-jni-1.5.6-4.jar:/Users/leonardoolivera/.m2/repository/org/lz4/lz4-java/1.8.0/lz4-java-1.8.0.jar:/Users/leonardoolivera/.m2/repository/org/xerial/snappy/snappy-java/1.1.10.5/snappy-java-1.1.10.5.jar:/Users/leonardoolivera/.m2/repository/io/micrometer/micrometer-observation/1.15.1/micrometer-observation-1.15.1.jar:/Users/leonardoolivera/.m2/repository/io/micrometer/micrometer-commons/1.15.1/micrometer-commons-1.15.1.jar:/Users/leonardoolivera/.m2/repository/org/springframework/boot/spring-boot-starter-cache/3.5.3/spring-boot-starter-cache-3.5.3.jar:/Users/leonardoolivera/.m2/repository/org/springframework/spring-context-support/6.2.8/spring-context-support-6.2.8.jar:/Users/leonardoolivera/.m2/repository/com/github/ben-manes/caffeine/caffeine/3.2.1/caffeine-3.2.1.jar:/Users/leonardoolivera/.m2/repository/org/jspecify/jspecify/1.0.0/jspecify-1.0.0.jar:/Users/leonardoolivera/.m2/repository/com/google/errorprone/error_prone_annotations/2.38.0/error_prone_annotations-2.38.0.jar:/Users/leonardoolivera/.m2/repository/org/springframework/boot/spring-boot-starter-aop/3.5.3/spring-boot-starter-aop-3.5.3.jar:/Users/leonardoolivera/.m2/repository/org/aspectj/aspectjweaver/1.9.24/aspectjweaver-1.9.24.jar:/Users/leonardoolivera/.m2/repository/org/springdoc/springdoc-openapi-starter-webmvc-ui/2.8.9/springdoc-openapi-starter-webmvc-ui-2.8.9.jar:/Users/leonardoolivera/.m2/repository/org/springdoc/springdoc-openapi-starter-webmvc-api/2.8.9/springdoc-openapi-starter-webmvc-api-2.8.9.jar:/Users/leonardoolivera/.m2/repository/org/springdoc/springdoc-openapi-starter-common/2.8.9/springdoc-openapi-starter-common-2.8.9.jar:/Users/leonardoolivera/.m2/repository/org/springframework/boot/spring-boot-starter-validation/3.5.3/spring-boot-starter-validation-3.5.3.jar:/Users/leonardoolivera/.m2/repository/io/swagger/core/v3/swagger-core-jakarta/2.2.30/swagger-core-jakarta-2.2.30.jar:/Users/leonardoolivera/.m2/repository/org/apache/commons/commons-lang3/3.17.0/commons-lang3-3.17.0.jar:/Users/leonardoolivera/.m2/repository/io/swagger/core/v3/swagger-annotations-jakarta/2.2.30/swagger-annotations-jakarta-2.2.30.jar:/Users/leonardoolivera/.m2/repository/io/swagger/core/v3/swagger-models-jakarta/2.2.30/swagger-models-jakarta-2.2.30.jar:/Users/leonardoolivera/.m2/repository/com/fasterxml/jackson/dataformat/jackson-dataformat-yaml/2.19.1/jackson-dataformat-yaml-2.19.1.jar:/Users/leonardoolivera/.m2/repository/org/webjars/swagger-ui/5.21.0/swagger-ui-5.21.0.jar:/Users/leonardoolivera/.m2/repository/org/webjars/webjars-locator-lite/1.1.0/webjars-locator-lite-1.1.0.jar:/Users/leonardoolivera/.m2/repository/org/springframework/boot/spring-boot-starter-test/3.5.3/spring-boot-starter-test-3.5.3.jar:/Users/leonardoolivera/.m2/repository/org/springframework/boot/spring-boot-test/3.5.3/spring-boot-test-3.5.3.jar:/Users/leonardoolivera/.m2/repository/org/springframework/boot/spring-boot-test-autoconfigure/3.5.3/spring-boot-test-autoconfigure-3.5.3.jar:/Users/leonardoolivera/.m2/repository/com/jayway/jsonpath/json-path/2.9.0/json-path-2.9.0.jar:/Users/leonardoolivera/.m2/repository/jakarta/xml/bind/jakarta.xml.bind-api/4.0.2/jakarta.xml.bind-api-4.0.2.jar:/Users/leonardoolivera/.m2/repository/jakarta/activation/jakarta.activation-api/2.1.3/jakarta.activation-api-2.1.3.jar:/Users/leonardoolivera/.m2/repository/net/minidev/json-smart/2.5.2/json-smart-2.5.2.jar:/Users/leonardoolivera/.m2/repository/net/minidev/accessors-smart/2.5.2/accessors-smart-2.5.2.jar:/Users/leonardoolivera/.m2/repository/org/ow2/asm/asm/9.7.1/asm-9.7.1.jar:/Users/leonardoolivera/.m2/repository/org/assertj/assertj-core/3.27.3/assertj-core-3.27.3.jar:/Users/leonardoolivera/.m2/repository/net/bytebuddy/byte-buddy/1.17.6/byte-buddy-1.17.6.jar:/Users/leonardoolivera/.m2/repository/org/awaitility/awaitility/4.2.2/awaitility-4.2.2.jar:/Users/leonardoolivera/.m2/repository/org/hamcrest/hamcrest/3.0/hamcrest-3.0.jar:/Users/leonardoolivera/.m2/repository/org/junit/jupiter/junit-jupiter/5.12.2/junit-jupiter-5.12.2.jar:/Users/leonardoolivera/.m2/repository/org/junit/jupiter/junit-jupiter-api/5.12.2/junit-jupiter-api-5.12.2.jar:/Users/leonardoolivera/.m2/repository/org/opentest4j/opentest4j/1.3.0/opentest4j-1.3.0.jar:/Users/leonardoolivera/.m2/repository/org/junit/platform/junit-platform-commons/1.12.2/junit-platform-commons-1.12.2.jar:/Users/leonardoolivera/.m2/repository/org/apiguardian/apiguardian-api/1.1.2/apiguardian-api-1.1.2.jar:/Users/leonardoolivera/.m2/repository/org/junit/jupiter/junit-jupiter-params/5.12.2/junit-jupiter-params-5.12.2.jar:/Users/leonardoolivera/.m2/repository/org/junit/jupiter/junit-jupiter-engine/5.12.2/junit-jupiter-engine-5.12.2.jar:/Users/leonardoolivera/.m2/repository/org/junit/platform/junit-platform-engine/1.12.2/junit-platform-engine-1.12.2.jar:/Users/leonardoolivera/.m2/repository/org/mockito/mockito-core/5.17.0/mockito-core-5.17.0.jar:/Users/leonardoolivera/.m2/repository/net/bytebuddy/byte-buddy-agent/1.17.6/byte-buddy-agent-1.17.6.jar:/Users/leonardoolivera/.m2/repository/org/objenesis/objenesis/3.3/objenesis-3.3.jar:/Users/leonardoolivera/.m2/repository/org/mockito/mockito-junit-jupiter/5.17.0/mockito-junit-jupiter-5.17.0.jar:/Users/leonardoolivera/.m2/repository/org/skyscreamer/jsonassert/1.5.3/jsonassert-1.5.3.jar:/Users/leonardoolivera/.m2/repository/com/vaadin/external/google/android-json/0.0.20131108.vaadin1/android-json-0.0.20131108.vaadin1.jar:/Users/leonardoolivera/.m2/repository/org/springframework/spring-core/6.2.8/spring-core-6.2.8.jar:/Users/leonardoolivera/.m2/repository/org/springframework/spring-jcl/6.2.8/spring-jcl-6.2.8.jar:/Users/leonardoolivera/.m2/repository/org/springframework/spring-test/6.2.8/spring-test-6.2.8.jar:/Users/leonardoolivera/.m2/repository/org/xmlunit/xmlunit-core/2.10.2/xmlunit-core-2.10.2.jar:/Users/leonardoolivera/.m2/repository/jakarta/servlet/jakarta.servlet-api/6.0.0/jakarta.servlet-api-6.0.0.jar:/Users/leonardoolivera/.m2/repository/org/hibernate/validator/hibernate-validator/9.0.1.Final/hibernate-validator-9.0.1.Final.jar:/Users/leonardoolivera/.m2/repository/org/jboss/logging/jboss-logging/3.6.1.Final/jboss-logging-3.6.1.Final.jar:/Users/leonardoolivera/.m2/repository/com/fasterxml/classmate/1.7.0/classmate-1.7.0.jar:/Users/leonardoolivera/.m2/repository/jakarta/validation/jakarta.validation-api/3.1.1/jakarta.validation-api-3.1.1.jar:/Users/leonardoolivera/.m2/repository/org/testcontainers/junit-jupiter/1.19.3/junit-jupiter-1.19.3.jar:/Users/leonardoolivera/.m2/repository/org/testcontainers/testcontainers/1.21.2/testcontainers-1.21.2.jar:/Users/leonardoolivera/.m2/repository/junit/junit/4.13.2/junit-4.13.2.jar:/Users/leonardoolivera/.m2/repository/org/hamcrest/hamcrest-core/3.0/hamcrest-core-3.0.jar:/Users/leonardoolivera/.m2/repository/org/apache/commons/commons-compress/1.24.0/commons-compress-1.24.0.jar:/Users/leonardoolivera/.m2/repository/org/rnorth/duct-tape/duct-tape/1.0.8/duct-tape-1.0.8.jar:/Users/leonardoolivera/.m2/repository/org/jetbrains/annotations/17.0.0/annotations-17.0.0.jar:/Users/leonardoolivera/.m2/repository/com/github/docker-java/docker-java-api/3.4.2/docker-java-api-3.4.2.jar:/Users/leonardoolivera/.m2/repository/com/github/docker-java/docker-java-transport-zerodep/3.4.2/docker-java-transport-zerodep-3.4.2.jar:/Users/leonardoolivera/.m2/repository/com/github/docker-java/docker-java-transport/3.4.2/docker-java-transport-3.4.2.jar:/Users/leonardoolivera/.m2/repository/net/java/dev/jna/jna/5.13.0/jna-5.13.0.jar:/Users/leonardoolivera/.m2/repository/org/testcontainers/mongodb/1.19.3/mongodb-1.19.3.jar:/Users/leonardoolivera/.m2/repository/org/testcontainers/kafka/1.19.3/kafka-1.19.3.jar:/Users/leonardoolivera/.m2/repository/org/springframework/boot/spring-boot-starter-webflux/3.5.3/spring-boot-starter-webflux-3.5.3.jar:/Users/leonardoolivera/.m2/repository/org/springframework/boot/spring-boot-starter-reactor-netty/3.5.3/spring-boot-starter-reactor-netty-3.5.3.jar:/Users/leonardoolivera/.m2/repository/io/projectreactor/netty/reactor-netty-http/1.2.7/reactor-netty-http-1.2.7.jar:/Users/leonardoolivera/.m2/repository/io/netty/netty-codec-http/4.1.122.Final/netty-codec-http-4.1.122.Final.jar:/Users/leonardoolivera/.m2/repository/io/netty/netty-common/4.1.122.Final/netty-common-4.1.122.Final.jar:/Users/leonardoolivera/.m2/repository/io/netty/netty-buffer/4.1.122.Final/netty-buffer-4.1.122.Final.jar:/Users/leonardoolivera/.m2/repository/io/netty/netty-transport/4.1.122.Final/netty-transport-4.1.122.Final.jar:/Users/leonardoolivera/.m2/repository/io/netty/netty-codec/4.1.122.Final/netty-codec-4.1.122.Final.jar:/Users/leonardoolivera/.m2/repository/io/netty/netty-handler/4.1.122.Final/netty-handler-4.1.122.Final.jar:/Users/leonardoolivera/.m2/repository/io/netty/netty-codec-http2/4.1.122.Final/netty-codec-http2-4.1.122.Final.jar:/Users/leonardoolivera/.m2/repository/io/netty/netty-resolver-dns/4.1.122.Final/netty-resolver-dns-4.1.122.Final.jar:/Users/leonardoolivera/.m2/repository/io/netty/netty-resolver/4.1.122.Final/netty-resolver-4.1.122.Final.jar:/Users/leonardoolivera/.m2/repository/io/netty/netty-codec-dns/4.1.122.Final/netty-codec-dns-4.1.122.Final.jar:/Users/leonardoolivera/.m2/repository/io/netty/netty-resolver-dns-native-macos/4.1.122.Final/netty-resolver-dns-native-macos-4.1.122.Final-osx-x86_64.jar:/Users/leonardoolivera/.m2/repository/io/netty/netty-resolver-dns-classes-macos/4.1.122.Final/netty-resolver-dns-classes-macos-4.1.122.Final.jar:/Users/leonardoolivera/.m2/repository/io/netty/netty-transport-native-epoll/4.1.122.Final/netty-transport-native-epoll-4.1.122.Final-linux-x86_64.jar:/Users/leonardoolivera/.m2/repository/io/netty/netty-transport-native-unix-common/4.1.122.Final/netty-transport-native-unix-common-4.1.122.Final.jar:/Users/leonardoolivera/.m2/repository/io/netty/netty-transport-classes-epoll/4.1.122.Final/netty-transport-classes-epoll-4.1.122.Final.jar:/Users/leonardoolivera/.m2/repository/io/projectreactor/netty/reactor-netty-core/1.2.7/reactor-netty-core-1.2.7.jar:/Users/leonardoolivera/.m2/repository/io/netty/netty-handler-proxy/4.1.122.Final/netty-handler-proxy-4.1.122.Final.jar:/Users/leonardoolivera/.m2/repository/io/netty/netty-codec-socks/4.1.122.Final/netty-codec-socks-4.1.122.Final.jar:/Users/leonardoolivera/.m2/repository/org/springframework/spring-webflux/6.2.8/spring-webflux-6.2.8.jar:/Users/leonardoolivera/.m2/repository/io/projectreactor/reactor-core/3.7.7/reactor-core-3.7.7.jar:/Users/leonardoolivera/.m2/repository/org/reactivestreams/reactive-streams/1.0.4/reactive-streams-1.0.4.jar:/Users/leonardoolivera/.m2/repository/org/projectlombok/lombok/1.18.38/lombok-1.18.38.jar:/Users/leonardoolivera/.m2/repository/org/openjfx/javafx-base/18.0.2/javafx-base-18.0.2.jar:"/>
    <property name="java.vm.vendor" value="Amazon.com Inc."/>
    <property name="sun.arch.data.model" value="64"/>
    <property name="catalina.useNaming" value="false"/>
    <property name="java.vendor.url" value="https://aws.amazon.com/corretto/"/>
    <property name="user.timezone" value="America/Argentina/Cordoba"/>
    <property name="org.jboss.logging.provider" value="slf4j"/>
    <property name="os.name" value="Mac OS X"/>
    <property name="java.vm.specification.version" value="21"/>
    <property name="sun.java.launcher" value="SUN_STANDARD"/>
    <property name="user.country" value="AR"/>
    <property name="sun.boot.library.path" value="/Users/leonardoolivera/.sdkman/candidates/java/21.0.7-amzn/lib"/>
    <property name="sun.java.command" value="/Users/leonardoolivera/work/personal/challenge_MindData/V2/spaceship-api/target/surefire/surefirebooter-20250710041120928_3.jar /Users/leonardoolivera/work/personal/challenge_MindData/V2/spaceship-api/target/surefire 2025-07-10T04-11-20_886-jvmRun1 surefire-20250710041120928_1tmp surefire_0-20250710041120928_2tmp"/>
    <property name="http.nonProxyHosts" value="local|*.local|169.254/16|*.169.254/16"/>
    <property name="jdk.debug" value="release"/>
    <property name="surefire.test.class.path" value="/Users/leonardoolivera/work/personal/challenge_MindData/V2/spaceship-api/target/test-classes:/Users/leonardoolivera/work/personal/challenge_MindData/V2/spaceship-api/target/classes:/Users/leonardoolivera/.m2/repository/org/springframework/boot/spring-boot-starter-web/3.5.3/spring-boot-starter-web-3.5.3.jar:/Users/leonardoolivera/.m2/repository/org/springframework/boot/spring-boot-starter/3.5.3/spring-boot-starter-3.5.3.jar:/Users/leonardoolivera/.m2/repository/org/springframework/boot/spring-boot/3.5.3/spring-boot-3.5.3.jar:/Users/leonardoolivera/.m2/repository/org/springframework/boot/spring-boot-starter-logging/3.5.3/spring-boot-starter-logging-3.5.3.jar:/Users/leonardoolivera/.m2/repository/ch/qos/logback/logback-classic/1.5.18/logback-classic-1.5.18.jar:/Users/leonardoolivera/.m2/repository/ch/qos/logback/logback-core/1.5.18/logback-core-1.5.18.jar:/Users/leonardoolivera/.m2/repository/org/apache/logging/log4j/log4j-to-slf4j/2.24.3/log4j-to-slf4j-2.24.3.jar:/Users/leonardoolivera/.m2/repository/org/apache/logging/log4j/log4j-api/2.24.3/log4j-api-2.24.3.jar:/Users/leonardoolivera/.m2/repository/org/slf4j/jul-to-slf4j/2.0.17/jul-to-slf4j-2.0.17.jar:/Users/leonardoolivera/.m2/repository/jakarta/annotation/jakarta.annotation-api/2.1.1/jakarta.annotation-api-2.1.1.jar:/Users/leonardoolivera/.m2/repository/org/yaml/snakeyaml/2.4/snakeyaml-2.4.jar:/Users/leonardoolivera/.m2/repository/org/springframework/boot/spring-boot-starter-json/3.5.3/spring-boot-starter-json-3.5.3.jar:/Users/leonardoolivera/.m2/repository/com/fasterxml/jackson/datatype/jackson-datatype-jdk8/2.19.1/jackson-datatype-jdk8-2.19.1.jar:/Users/leonardoolivera/.m2/repository/com/fasterxml/jackson/datatype/jackson-datatype-jsr310/2.19.1/jackson-datatype-jsr310-2.19.1.jar:/Users/leonardoolivera/.m2/repository/com/fasterxml/jackson/module/jackson-module-parameter-names/2.19.1/jackson-module-parameter-names-2.19.1.jar:/Users/leonardoolivera/.m2/repository/org/springframework/boot/spring-boot-starter-tomcat/3.5.3/spring-boot-starter-tomcat-3.5.3.jar:/Users/leonardoolivera/.m2/repository/org/apache/tomcat/embed/tomcat-embed-core/10.1.42/tomcat-embed-core-10.1.42.jar:/Users/leonardoolivera/.m2/repository/org/apache/tomcat/embed/tomcat-embed-el/10.1.42/tomcat-embed-el-10.1.42.jar:/Users/leonardoolivera/.m2/repository/org/apache/tomcat/embed/tomcat-embed-websocket/10.1.42/tomcat-embed-websocket-10.1.42.jar:/Users/leonardoolivera/.m2/repository/org/springframework/spring-web/6.2.8/spring-web-6.2.8.jar:/Users/leonardoolivera/.m2/repository/org/springframework/spring-beans/6.2.8/spring-beans-6.2.8.jar:/Users/leonardoolivera/.m2/repository/org/springframework/spring-webmvc/6.2.8/spring-webmvc-6.2.8.jar:/Users/leonardoolivera/.m2/repository/org/springframework/spring-expression/6.2.8/spring-expression-6.2.8.jar:/Users/leonardoolivera/.m2/repository/org/springframework/boot/spring-boot-starter-data-mongodb/3.5.3/spring-boot-starter-data-mongodb-3.5.3.jar:/Users/leonardoolivera/.m2/repository/org/mongodb/mongodb-driver-sync/5.5.1/mongodb-driver-sync-5.5.1.jar:/Users/leonardoolivera/.m2/repository/org/mongodb/bson/5.5.1/bson-5.5.1.jar:/Users/leonardoolivera/.m2/repository/org/mongodb/mongodb-driver-core/5.5.1/mongodb-driver-core-5.5.1.jar:/Users/leonardoolivera/.m2/repository/org/mongodb/bson-record-codec/5.5.1/bson-record-codec-5.5.1.jar:/Users/leonardoolivera/.m2/repository/org/springframework/data/spring-data-mongodb/4.5.1/spring-data-mongodb-4.5.1.jar:/Users/leonardoolivera/.m2/repository/org/springframework/data/spring-data-commons/3.5.1/spring-data-commons-3.5.1.jar:/Users/leonardoolivera/.m2/repository/org/slf4j/slf4j-api/2.0.17/slf4j-api-2.0.17.jar:/Users/leonardoolivera/.m2/repository/io/mongock/mongock-springboot/5.5.1/mongock-springboot-5.5.1.jar:/Users/leonardoolivera/.m2/repository/io/mongock/mongock-springboot-base/5.5.1/mongock-springboot-base-5.5.1.jar:/Users/leonardoolivera/.m2/repository/io/mongock/mongock-spring-base/5.5.1/mongock-spring-base-5.5.1.jar:/Users/leonardoolivera/.m2/repository/io/mongock/mongock-runner-core/5.5.1/mongock-runner-core-5.5.1.jar:/Users/leonardoolivera/.m2/repository/org/reflections/reflections/0.10.1/reflections-0.10.1.jar:/Users/leonardoolivera/.m2/repository/org/apache/maven/maven-artifact/3.6.1/maven-artifact-3.6.1.jar:/Users/leonardoolivera/.m2/repository/org/codehaus/plexus/plexus-utils/3.2.0/plexus-utils-3.2.0.jar:/Users/leonardoolivera/.m2/repository/com/google/code/gson/gson/2.13.1/gson-2.13.1.jar:/Users/leonardoolivera/.m2/repository/io/mongock/mongock-utils/5.5.1/mongock-utils-5.5.1.jar:/Users/leonardoolivera/.m2/repository/org/springframework/boot/spring-boot-configuration-processor/3.5.3/spring-boot-configuration-processor-3.5.3.jar:/Users/leonardoolivera/.m2/repository/io/mongock/mongodb-springdata-v4-driver/5.5.1/mongodb-springdata-v4-driver-5.5.1.jar:/Users/leonardoolivera/.m2/repository/io/mongock/mongock-driver-core/5.5.1/mongock-driver-core-5.5.1.jar:/Users/leonardoolivera/.m2/repository/io/mongock/mongock-driver-api/5.5.1/mongock-driver-api-5.5.1.jar:/Users/leonardoolivera/.m2/repository/org/javassist/javassist/3.28.0-GA/javassist-3.28.0-GA.jar:/Users/leonardoolivera/.m2/repository/com/google/guava/guava/32.1.3-jre/guava-32.1.3-jre.jar:/Users/leonardoolivera/.m2/repository/com/google/guava/failureaccess/1.0.1/failureaccess-1.0.1.jar:/Users/leonardoolivera/.m2/repository/com/google/guava/listenablefuture/9999.0-empty-to-avoid-conflict-with-guava/listenablefuture-9999.0-empty-to-avoid-conflict-with-guava.jar:/Users/leonardoolivera/.m2/repository/com/google/code/findbugs/jsr305/3.0.2/jsr305-3.0.2.jar:/Users/leonardoolivera/.m2/repository/org/checkerframework/checker-qual/3.37.0/checker-qual-3.37.0.jar:/Users/leonardoolivera/.m2/repository/com/google/j2objc/j2objc-annotations/2.8/j2objc-annotations-2.8.jar:/Users/leonardoolivera/.m2/repository/javax/inject/javax.inject/1/javax.inject-1.jar:/Users/leonardoolivera/.m2/repository/io/mongock/mongock-api/5.5.1/mongock-api-5.5.1.jar:/Users/leonardoolivera/.m2/repository/io/mongock/mongodb-sync-v4-driver/5.5.1/mongodb-sync-v4-driver-5.5.1.jar:/Users/leonardoolivera/.m2/repository/org/springframework/boot/spring-boot-autoconfigure/3.5.3/spring-boot-autoconfigure-3.5.3.jar:/Users/leonardoolivera/.m2/repository/org/springframework/boot/spring-boot-starter-security/3.5.3/spring-boot-starter-security-3.5.3.jar:/Users/leonardoolivera/.m2/repository/org/springframework/spring-aop/6.2.8/spring-aop-6.2.8.jar:/Users/leonardoolivera/.m2/repository/org/springframework/security/spring-security-config/6.5.1/spring-security-config-6.5.1.jar:/Users/leonardoolivera/.m2/repository/org/springframework/security/spring-security-core/6.5.1/spring-security-core-6.5.1.jar:/Users/leonardoolivera/.m2/repository/org/springframework/security/spring-security-crypto/6.5.1/spring-security-crypto-6.5.1.jar:/Users/leonardoolivera/.m2/repository/org/springframework/security/spring-security-web/6.5.1/spring-security-web-6.5.1.jar:/Users/leonardoolivera/.m2/repository/io/jsonwebtoken/jjwt-api/0.11.5/jjwt-api-0.11.5.jar:/Users/leonardoolivera/.m2/repository/io/jsonwebtoken/jjwt-impl/0.11.5/jjwt-impl-0.11.5.jar:/Users/leonardoolivera/.m2/repository/io/jsonwebtoken/jjwt-jackson/0.11.5/jjwt-jackson-0.11.5.jar:/Users/leonardoolivera/.m2/repository/com/fasterxml/jackson/core/jackson-databind/2.19.1/jackson-databind-2.19.1.jar:/Users/leonardoolivera/.m2/repository/com/fasterxml/jackson/core/jackson-annotations/2.19.1/jackson-annotations-2.19.1.jar:/Users/leonardoolivera/.m2/repository/com/fasterxml/jackson/core/jackson-core/2.19.1/jackson-core-2.19.1.jar:/Users/leonardoolivera/.m2/repository/org/springframework/kafka/spring-kafka/3.3.7/spring-kafka-3.3.7.jar:/Users/leonardoolivera/.m2/repository/org/springframework/spring-context/6.2.8/spring-context-6.2.8.jar:/Users/leonardoolivera/.m2/repository/org/springframework/spring-messaging/6.2.8/spring-messaging-6.2.8.jar:/Users/leonardoolivera/.m2/repository/org/springframework/spring-tx/6.2.8/spring-tx-6.2.8.jar:/Users/leonardoolivera/.m2/repository/org/springframework/retry/spring-retry/2.0.12/spring-retry-2.0.12.jar:/Users/leonardoolivera/.m2/repository/org/apache/kafka/kafka-clients/3.9.1/kafka-clients-3.9.1.jar:/Users/leonardoolivera/.m2/repository/com/github/luben/zstd-jni/1.5.6-4/zstd-jni-1.5.6-4.jar:/Users/leonardoolivera/.m2/repository/org/lz4/lz4-java/1.8.0/lz4-java-1.8.0.jar:/Users/leonardoolivera/.m2/repository/org/xerial/snappy/snappy-java/1.1.10.5/snappy-java-1.1.10.5.jar:/Users/leonardoolivera/.m2/repository/io/micrometer/micrometer-observation/1.15.1/micrometer-observation-1.15.1.jar:/Users/leonardoolivera/.m2/repository/io/micrometer/micrometer-commons/1.15.1/micrometer-commons-1.15.1.jar:/Users/leonardoolivera/.m2/repository/org/springframework/boot/spring-boot-starter-cache/3.5.3/spring-boot-starter-cache-3.5.3.jar:/Users/leonardoolivera/.m2/repository/org/springframework/spring-context-support/6.2.8/spring-context-support-6.2.8.jar:/Users/leonardoolivera/.m2/repository/com/github/ben-manes/caffeine/caffeine/3.2.1/caffeine-3.2.1.jar:/Users/leonardoolivera/.m2/repository/org/jspecify/jspecify/1.0.0/jspecify-1.0.0.jar:/Users/leonardoolivera/.m2/repository/com/google/errorprone/error_prone_annotations/2.38.0/error_prone_annotations-2.38.0.jar:/Users/leonardoolivera/.m2/repository/org/springframework/boot/spring-boot-starter-aop/3.5.3/spring-boot-starter-aop-3.5.3.jar:/Users/leonardoolivera/.m2/repository/org/aspectj/aspectjweaver/1.9.24/aspectjweaver-1.9.24.jar:/Users/leonardoolivera/.m2/repository/org/springdoc/springdoc-openapi-starter-webmvc-ui/2.8.9/springdoc-openapi-starter-webmvc-ui-2.8.9.jar:/Users/leonardoolivera/.m2/repository/org/springdoc/springdoc-openapi-starter-webmvc-api/2.8.9/springdoc-openapi-starter-webmvc-api-2.8.9.jar:/Users/leonardoolivera/.m2/repository/org/springdoc/springdoc-openapi-starter-common/2.8.9/springdoc-openapi-starter-common-2.8.9.jar:/Users/leonardoolivera/.m2/repository/org/springframework/boot/spring-boot-starter-validation/3.5.3/spring-boot-starter-validation-3.5.3.jar:/Users/leonardoolivera/.m2/repository/io/swagger/core/v3/swagger-core-jakarta/2.2.30/swagger-core-jakarta-2.2.30.jar:/Users/leonardoolivera/.m2/repository/org/apache/commons/commons-lang3/3.17.0/commons-lang3-3.17.0.jar:/Users/leonardoolivera/.m2/repository/io/swagger/core/v3/swagger-annotations-jakarta/2.2.30/swagger-annotations-jakarta-2.2.30.jar:/Users/leonardoolivera/.m2/repository/io/swagger/core/v3/swagger-models-jakarta/2.2.30/swagger-models-jakarta-2.2.30.jar:/Users/leonardoolivera/.m2/repository/com/fasterxml/jackson/dataformat/jackson-dataformat-yaml/2.19.1/jackson-dataformat-yaml-2.19.1.jar:/Users/leonardoolivera/.m2/repository/org/webjars/swagger-ui/5.21.0/swagger-ui-5.21.0.jar:/Users/leonardoolivera/.m2/repository/org/webjars/webjars-locator-lite/1.1.0/webjars-locator-lite-1.1.0.jar:/Users/leonardoolivera/.m2/repository/org/springframework/boot/spring-boot-starter-test/3.5.3/spring-boot-starter-test-3.5.3.jar:/Users/leonardoolivera/.m2/repository/org/springframework/boot/spring-boot-test/3.5.3/spring-boot-test-3.5.3.jar:/Users/leonardoolivera/.m2/repository/org/springframework/boot/spring-boot-test-autoconfigure/3.5.3/spring-boot-test-autoconfigure-3.5.3.jar:/Users/leonardoolivera/.m2/repository/com/jayway/jsonpath/json-path/2.9.0/json-path-2.9.0.jar:/Users/leonardoolivera/.m2/repository/jakarta/xml/bind/jakarta.xml.bind-api/4.0.2/jakarta.xml.bind-api-4.0.2.jar:/Users/leonardoolivera/.m2/repository/jakarta/activation/jakarta.activation-api/2.1.3/jakarta.activation-api-2.1.3.jar:/Users/leonardoolivera/.m2/repository/net/minidev/json-smart/2.5.2/json-smart-2.5.2.jar:/Users/leonardoolivera/.m2/repository/net/minidev/accessors-smart/2.5.2/accessors-smart-2.5.2.jar:/Users/leonardoolivera/.m2/repository/org/ow2/asm/asm/9.7.1/asm-9.7.1.jar:/Users/leonardoolivera/.m2/repository/org/assertj/assertj-core/3.27.3/assertj-core-3.27.3.jar:/Users/leonardoolivera/.m2/repository/net/bytebuddy/byte-buddy/1.17.6/byte-buddy-1.17.6.jar:/Users/leonardoolivera/.m2/repository/org/awaitility/awaitility/4.2.2/awaitility-4.2.2.jar:/Users/leonardoolivera/.m2/repository/org/hamcrest/hamcrest/3.0/hamcrest-3.0.jar:/Users/leonardoolivera/.m2/repository/org/junit/jupiter/junit-jupiter/5.12.2/junit-jupiter-5.12.2.jar:/Users/leonardoolivera/.m2/repository/org/junit/jupiter/junit-jupiter-api/5.12.2/junit-jupiter-api-5.12.2.jar:/Users/leonardoolivera/.m2/repository/org/opentest4j/opentest4j/1.3.0/opentest4j-1.3.0.jar:/Users/leonardoolivera/.m2/repository/org/junit/platform/junit-platform-commons/1.12.2/junit-platform-commons-1.12.2.jar:/Users/leonardoolivera/.m2/repository/org/apiguardian/apiguardian-api/1.1.2/apiguardian-api-1.1.2.jar:/Users/leonardoolivera/.m2/repository/org/junit/jupiter/junit-jupiter-params/5.12.2/junit-jupiter-params-5.12.2.jar:/Users/leonardoolivera/.m2/repository/org/junit/jupiter/junit-jupiter-engine/5.12.2/junit-jupiter-engine-5.12.2.jar:/Users/leonardoolivera/.m2/repository/org/junit/platform/junit-platform-engine/1.12.2/junit-platform-engine-1.12.2.jar:/Users/leonardoolivera/.m2/repository/org/mockito/mockito-core/5.17.0/mockito-core-5.17.0.jar:/Users/leonardoolivera/.m2/repository/net/bytebuddy/byte-buddy-agent/1.17.6/byte-buddy-agent-1.17.6.jar:/Users/leonardoolivera/.m2/repository/org/objenesis/objenesis/3.3/objenesis-3.3.jar:/Users/leonardoolivera/.m2/repository/org/mockito/mockito-junit-jupiter/5.17.0/mockito-junit-jupiter-5.17.0.jar:/Users/leonardoolivera/.m2/repository/org/skyscreamer/jsonassert/1.5.3/jsonassert-1.5.3.jar:/Users/leonardoolivera/.m2/repository/com/vaadin/external/google/android-json/0.0.20131108.vaadin1/android-json-0.0.20131108.vaadin1.jar:/Users/leonardoolivera/.m2/repository/org/springframework/spring-core/6.2.8/spring-core-6.2.8.jar:/Users/leonardoolivera/.m2/repository/org/springframework/spring-jcl/6.2.8/spring-jcl-6.2.8.jar:/Users/leonardoolivera/.m2/repository/org/springframework/spring-test/6.2.8/spring-test-6.2.8.jar:/Users/leonardoolivera/.m2/repository/org/xmlunit/xmlunit-core/2.10.2/xmlunit-core-2.10.2.jar:/Users/leonardoolivera/.m2/repository/jakarta/servlet/jakarta.servlet-api/6.0.0/jakarta.servlet-api-6.0.0.jar:/Users/leonardoolivera/.m2/repository/org/hibernate/validator/hibernate-validator/9.0.1.Final/hibernate-validator-9.0.1.Final.jar:/Users/leonardoolivera/.m2/repository/org/jboss/logging/jboss-logging/3.6.1.Final/jboss-logging-3.6.1.Final.jar:/Users/leonardoolivera/.m2/repository/com/fasterxml/classmate/1.7.0/classmate-1.7.0.jar:/Users/leonardoolivera/.m2/repository/jakarta/validation/jakarta.validation-api/3.1.1/jakarta.validation-api-3.1.1.jar:/Users/leonardoolivera/.m2/repository/org/testcontainers/junit-jupiter/1.19.3/junit-jupiter-1.19.3.jar:/Users/leonardoolivera/.m2/repository/org/testcontainers/testcontainers/1.21.2/testcontainers-1.21.2.jar:/Users/leonardoolivera/.m2/repository/junit/junit/4.13.2/junit-4.13.2.jar:/Users/leonardoolivera/.m2/repository/org/hamcrest/hamcrest-core/3.0/hamcrest-core-3.0.jar:/Users/leonardoolivera/.m2/repository/org/apache/commons/commons-compress/1.24.0/commons-compress-1.24.0.jar:/Users/leonardoolivera/.m2/repository/org/rnorth/duct-tape/duct-tape/1.0.8/duct-tape-1.0.8.jar:/Users/leonardoolivera/.m2/repository/org/jetbrains/annotations/17.0.0/annotations-17.0.0.jar:/Users/leonardoolivera/.m2/repository/com/github/docker-java/docker-java-api/3.4.2/docker-java-api-3.4.2.jar:/Users/leonardoolivera/.m2/repository/com/github/docker-java/docker-java-transport-zerodep/3.4.2/docker-java-transport-zerodep-3.4.2.jar:/Users/leonardoolivera/.m2/repository/com/github/docker-java/docker-java-transport/3.4.2/docker-java-transport-3.4.2.jar:/Users/leonardoolivera/.m2/repository/net/java/dev/jna/jna/5.13.0/jna-5.13.0.jar:/Users/leonardoolivera/.m2/repository/org/testcontainers/mongodb/1.19.3/mongodb-1.19.3.jar:/Users/leonardoolivera/.m2/repository/org/testcontainers/kafka/1.19.3/kafka-1.19.3.jar:/Users/leonardoolivera/.m2/repository/org/springframework/boot/spring-boot-starter-webflux/3.5.3/spring-boot-starter-webflux-3.5.3.jar:/Users/leonardoolivera/.m2/repository/org/springframework/boot/spring-boot-starter-reactor-netty/3.5.3/spring-boot-starter-reactor-netty-3.5.3.jar:/Users/leonardoolivera/.m2/repository/io/projectreactor/netty/reactor-netty-http/1.2.7/reactor-netty-http-1.2.7.jar:/Users/leonardoolivera/.m2/repository/io/netty/netty-codec-http/4.1.122.Final/netty-codec-http-4.1.122.Final.jar:/Users/leonardoolivera/.m2/repository/io/netty/netty-common/4.1.122.Final/netty-common-4.1.122.Final.jar:/Users/leonardoolivera/.m2/repository/io/netty/netty-buffer/4.1.122.Final/netty-buffer-4.1.122.Final.jar:/Users/leonardoolivera/.m2/repository/io/netty/netty-transport/4.1.122.Final/netty-transport-4.1.122.Final.jar:/Users/leonardoolivera/.m2/repository/io/netty/netty-codec/4.1.122.Final/netty-codec-4.1.122.Final.jar:/Users/leonardoolivera/.m2/repository/io/netty/netty-handler/4.1.122.Final/netty-handler-4.1.122.Final.jar:/Users/leonardoolivera/.m2/repository/io/netty/netty-codec-http2/4.1.122.Final/netty-codec-http2-4.1.122.Final.jar:/Users/leonardoolivera/.m2/repository/io/netty/netty-resolver-dns/4.1.122.Final/netty-resolver-dns-4.1.122.Final.jar:/Users/leonardoolivera/.m2/repository/io/netty/netty-resolver/4.1.122.Final/netty-resolver-4.1.122.Final.jar:/Users/leonardoolivera/.m2/repository/io/netty/netty-codec-dns/4.1.122.Final/netty-codec-dns-4.1.122.Final.jar:/Users/leonardoolivera/.m2/repository/io/netty/netty-resolver-dns-native-macos/4.1.122.Final/netty-resolver-dns-native-macos-4.1.122.Final-osx-x86_64.jar:/Users/leonardoolivera/.m2/repository/io/netty/netty-resolver-dns-classes-macos/4.1.122.Final/netty-resolver-dns-classes-macos-4.1.122.Final.jar:/Users/leonardoolivera/.m2/repository/io/netty/netty-transport-native-epoll/4.1.122.Final/netty-transport-native-epoll-4.1.122.Final-linux-x86_64.jar:/Users/leonardoolivera/.m2/repository/io/netty/netty-transport-native-unix-common/4.1.122.Final/netty-transport-native-unix-common-4.1.122.Final.jar:/Users/leonardoolivera/.m2/repository/io/netty/netty-transport-classes-epoll/4.1.122.Final/netty-transport-classes-epoll-4.1.122.Final.jar:/Users/leonardoolivera/.m2/repository/io/projectreactor/netty/reactor-netty-core/1.2.7/reactor-netty-core-1.2.7.jar:/Users/leonardoolivera/.m2/repository/io/netty/netty-handler-proxy/4.1.122.Final/netty-handler-proxy-4.1.122.Final.jar:/Users/leonardoolivera/.m2/repository/io/netty/netty-codec-socks/4.1.122.Final/netty-codec-socks-4.1.122.Final.jar:/Users/leonardoolivera/.m2/repository/org/springframework/spring-webflux/6.2.8/spring-webflux-6.2.8.jar:/Users/leonardoolivera/.m2/repository/io/projectreactor/reactor-core/3.7.7/reactor-core-3.7.7.jar:/Users/leonardoolivera/.m2/repository/org/reactivestreams/reactive-streams/1.0.4/reactive-streams-1.0.4.jar:/Users/leonardoolivera/.m2/repository/org/projectlombok/lombok/1.18.38/lombok-1.18.38.jar:/Users/leonardoolivera/.m2/repository/org/openjfx/javafx-base/18.0.2/javafx-base-18.0.2.jar:"/>
    <property name="sun.cpu.endian" value="little"/>
    <property name="user.home" value="/Users/leonardoolivera"/>
    <property name="user.language" value="en"/>
    <property name="java.specification.vendor" value="Oracle Corporation"/>
    <property name="java.version.date" value="2025-04-15"/>
    <property name="java.home" value="/Users/leonardoolivera/.sdkman/candidates/java/21.0.7-amzn"/>
    <property name="file.separator" value="/"/>
    <property name="basedir" value="/Users/leonardoolivera/work/personal/challenge_MindData/V2/spaceship-api"/>
    <property name="java.vm.compressedOopsMode" value="Zero based"/>
    <property name="line.separator" value="&#10;"/>
    <property name="java.vm.specification.vendor" value="Oracle Corporation"/>
    <property name="java.specification.name" value="Java Platform API Specification"/>
    <property name="FILE_LOG_CHARSET" value="UTF-8"/>
    <property name="java.awt.headless" value="true"/>
    <property name="apple.awt.application.name" value="ForkedBooter"/>
    <property name="surefire.real.class.path" value="/Users/leonardoolivera/work/personal/challenge_MindData/V2/spaceship-api/target/surefire/surefirebooter-20250710041120928_3.jar"/>
    <property name="sun.management.compiler" value="HotSpot 64-Bit Tiered Compilers"/>
    <property name="ftp.nonProxyHosts" value="local|*.local|169.254/16|*.169.254/16"/>
    <property name="java.runtime.version" value="21.0.7+6-LTS"/>
    <property name="user.name" value="leonardoolivera"/>
    <property name="stdout.encoding" value="UTF-8"/>
    <property name="path.separator" value=":"/>
    <property name="os.version" value="15.5"/>
    <property name="java.runtime.name" value="OpenJDK Runtime Environment"/>
    <property name="file.encoding" value="UTF-8"/>
    <property name="java.vm.name" value="OpenJDK 64-Bit Server VM"/>
    <property name="java.vendor.version" value="Corretto-21.0.7.6.1"/>
    <property name="localRepository" value="/Users/leonardoolivera/.m2/repository"/>
    <property name="java.vendor.url.bug" value="https://github.com/corretto/corretto-21/issues/"/>
    <property name="java.io.tmpdir" value="/var/folders/bf/6gbbfr1j6nl_vzt4ts4w6nkh0000gn/T/"/>
    <property name="catalina.home" value="/private/var/folders/bf/6gbbfr1j6nl_vzt4ts4w6nkh0000gn/T/tomcat.0.15158766080633937595"/>
    <property name="java.version" value="21.0.7"/>
    <property name="user.dir" value="/Users/leonardoolivera/work/personal/challenge_MindData/V2/spaceship-api"/>
    <property name="os.arch" value="aarch64"/>
    <property name="java.vm.specification.name" value="Java Virtual Machine Specification"/>
    <property name="PID" value="96654"/>
    <property name="CONSOLE_LOG_CHARSET" value="UTF-8"/>
    <property name="catalina.base" value="/private/var/folders/bf/6gbbfr1j6nl_vzt4ts4w6nkh0000gn/T/tomcat.0.15158766080633937595"/>
    <property name="native.encoding" value="UTF-8"/>
    <property name="java.library.path" value="/Users/leonardoolivera/Library/Java/Extensions:/Library/Java/Extensions:/Network/Library/Java/Extensions:/System/Library/Java/Extensions:/usr/lib/java:."/>
    <property name="java.vm.info" value="mixed mode, sharing"/>
    <property name="stderr.encoding" value="UTF-8"/>
    <property name="java.vendor" value="Amazon.com Inc."/>
    <property name="java.vm.version" value="21.0.7+6-LTS"/>
    <property name="sun.io.unicode.encoding" value="UnicodeBig"/>
    <property name="socksNonProxyHosts" value="local|*.local|169.254/16|*.169.254/16"/>
    <property name="java.class.version" value="65.0"/>
  </properties>
  <testcase name="testCreateAndFetchSpaceship" classname="com.spacefleet.spaceshipapi.integration.SpaceshipIntegrationTest" time="1.022">
    <system-out><![CDATA[04:11:21.403 [main] INFO org.springframework.test.context.support.AnnotationConfigContextLoaderUtils -- Could not detect default configuration classes for test class [com.spacefleet.spaceshipapi.integration.SpaceshipIntegrationTest]: SpaceshipIntegrationTest does not declare any static, non-private, non-final, nested classes annotated with @Configuration.
04:11:21.462 [main] INFO org.springframework.boot.test.context.SpringBootTestContextBootstrapper -- Found @SpringBootConfiguration com.spacefleet.spaceshipapi.SpaceshipApiApplication for test class com.spacefleet.spaceshipapi.integration.SpaceshipIntegrationTest
04:11:21.548 [main] INFO org.testcontainers.images.PullPolicy -- Image pull policy will be performed by: DefaultPullPolicy()
04:11:21.549 [main] INFO org.testcontainers.utility.ImageNameSubstitutor -- Image name substitution will be performed by: DefaultImageNameSubstitutor (composite of 'ConfigurationFileImageNameSubstitutor' and 'PrefixingImageNameSubstitutor')
04:11:21.570 [main] INFO org.testcontainers.DockerClientFactory -- Testcontainers version: 1.21.2
04:11:21.723 [main] INFO org.testcontainers.dockerclient.DockerClientProviderStrategy -- Loaded org.testcontainers.dockerclient.UnixSocketClientProviderStrategy from ~/.testcontainers.properties, will try it first
04:11:22.062 [main] INFO org.testcontainers.dockerclient.DockerClientProviderStrategy -- Found Docker environment with local Unix socket (unix:///var/run/docker.sock)
04:11:22.064 [main] INFO org.testcontainers.DockerClientFactory -- Docker host IP address is localhost
04:11:22.112 [main] INFO org.testcontainers.DockerClientFactory -- Connected to docker: 
  Server Version: 24.0.5
  API Version: 1.43
  Operating System: Docker Desktop
  Total Memory: 7851 MB
04:11:22.170 [main] INFO tc.testcontainers/ryuk:0.12.0 -- Creating container for image: testcontainers/ryuk:0.12.0
04:11:22.747 [main] INFO tc.testcontainers/ryuk:0.12.0 -- Container testcontainers/ryuk:0.12.0 is starting: e660735a2870207cfa906cbf2942d6520164214146800aff26291607e2bbf4c6
04:11:23.312 [main] INFO tc.testcontainers/ryuk:0.12.0 -- Container testcontainers/ryuk:0.12.0 started in PT1.14167S
04:11:23.318 [main] INFO org.testcontainers.utility.RyukResourceReaper -- Ryuk started - will monitor and terminate Testcontainers containers on JVM exit
04:11:23.319 [main] INFO org.testcontainers.DockerClientFactory -- Checking the system...
04:11:23.319 [main] INFO org.testcontainers.DockerClientFactory -- ✔︎ Docker server version should be at least 1.6.0
04:11:23.319 [main] INFO tc.mongo:7.0 -- Creating container for image: mongo:7.0
04:11:23.347 [main] INFO tc.mongo:7.0 -- Container mongo:7.0 is starting: 16dc6681d6ef06520ea30dd20aa7d853668ba44839ae0628c05588e0cf0fbdf4
04:11:24.504 [main] INFO tc.mongo:7.0 -- Container mongo:7.0 started in PT1.184504S

  .   ____          _            __ _ _
 /\\ / ___'_ __ _ _(_)_ __  __ _ \ \ \ \
( ( )\___ | '_ | '_| | '_ \/ _` | \ \ \ \
 \\/  ___)| |_)| | | | | || (_| |  ) ) ) )
  '  |____| .__|_| |_|_| |_\__, | / / / /
 =========|_|==============|___/=/_/_/_/

 :: Spring Boot ::                (v3.5.3)

2025-07-10T04:11:25.813-03:00  INFO 96654 --- [           main] c.s.s.i.SpaceshipIntegrationTest         : Starting SpaceshipIntegrationTest using Java 21.0.7 with PID 96654 (started by leonardoolivera in /Users/leonardoolivera/work/personal/challenge_MindData/V2/spaceship-api)
2025-07-10T04:11:25.813-03:00  INFO 96654 --- [           main] c.s.s.i.SpaceshipIntegrationTest         : The following 1 profile is active: "local"
2025-07-10T04:11:26.245-03:00  INFO 96654 --- [           main] .s.d.r.c.RepositoryConfigurationDelegate : Bootstrapping Spring Data MongoDB repositories in DEFAULT mode.
2025-07-10T04:11:26.340-03:00  INFO 96654 --- [           main] .s.d.r.c.RepositoryConfigurationDelegate : Finished Spring Data repository scanning in 91 ms. Found 2 MongoDB repository interfaces.
2025-07-10T04:11:26.775-03:00  INFO 96654 --- [           main] o.s.b.w.embedded.tomcat.TomcatWebServer  : Tomcat initialized with port 0 (http)
2025-07-10T04:11:26.785-03:00  INFO 96654 --- [           main] o.apache.catalina.core.StandardService   : Starting service [Tomcat]
2025-07-10T04:11:26.785-03:00  INFO 96654 --- [           main] o.apache.catalina.core.StandardEngine    : Starting Servlet engine: [Apache Tomcat/10.1.42]
2025-07-10T04:11:26.813-03:00  INFO 96654 --- [           main] o.a.c.c.C.[Tomcat].[localhost].[/]       : Initializing Spring embedded WebApplicationContext
2025-07-10T04:11:26.814-03:00  INFO 96654 --- [           main] w.s.c.ServletWebServerApplicationContext : Root WebApplicationContext: initialization completed in 991 ms
2025-07-10T04:11:26.975-03:00  INFO 96654 --- [           main] org.mongodb.driver.client                : MongoClient with metadata {"driver": {"name": "mongo-java-driver|sync|spring-boot", "version": "5.5.1"}, "os": {"type": "Darwin", "name": "Mac OS X", "architecture": "aarch64", "version": "15.5"}, "platform": "Java/Amazon.com Inc./21.0.7+6-LTS"} created with settings MongoClientSettings{readPreference=primary, writeConcern=WriteConcern{w=null, wTimeout=null ms, journal=null}, retryWrites=true, retryReads=true, readConcern=ReadConcern{level=null}, credential=null, transportSettings=null, commandListeners=[], codecRegistry=ProvidersCodecRegistry{codecProviders=[ValueCodecProvider{}, BsonValueCodecProvider{}, DBRefCodecProvider{}, DBObjectCodecProvider{}, DocumentCodecProvider{}, CollectionCodecProvider{}, IterableCodecProvider{}, MapCodecProvider{}, GeoJsonCodecProvider{}, GridFSFileCodecProvider{}, Jsr310CodecProvider{}, JsonObjectCodecProvider{}, BsonCodecProvider{}, EnumCodecProvider{}, com.mongodb.client.model.mql.ExpressionCodecProvider@16890f00, com.mongodb.Jep395RecordCodecProvider@77e1dacd, com.mongodb.KotlinCodecProvider@690677de]}, loggerSettings=LoggerSettings{maxDocumentLength=1000}, clusterSettings={hosts=[localhost:64188], srvServiceName=mongodb, mode=SINGLE, requiredClusterType=UNKNOWN, requiredReplicaSetName='null', serverSelector='null', clusterListeners='[]', serverSelectionTimeout='30000 ms', localThreshold='15 ms'}, socketSettings=SocketSettings{connectTimeoutMS=10000, readTimeoutMS=0, receiveBufferSize=0, proxySettings=ProxySettings{host=null, port=null, username=null, password=null}}, heartbeatSocketSettings=SocketSettings{connectTimeoutMS=10000, readTimeoutMS=10000, receiveBufferSize=0, proxySettings=ProxySettings{host=null, port=null, username=null, password=null}}, connectionPoolSettings=ConnectionPoolSettings{maxSize=100, minSize=0, maxWaitTimeMS=120000, maxConnectionLifeTimeMS=0, maxConnectionIdleTimeMS=0, maintenanceInitialDelayMS=0, maintenanceFrequencyMS=60000, connectionPoolListeners=[], maxConnecting=2}, serverSettings=ServerSettings{heartbeatFrequencyMS=10000, minHeartbeatFrequencyMS=500, serverMonitoringMode=AUTO, serverListeners='[]', serverMonitorListeners='[]'}, sslSettings=SslSettings{enabled=false, invalidHostNameAllowed=false, context=null}, applicationName='null', compressorList=[], uuidRepresentation=JAVA_LEGACY, serverApi=null, autoEncryptionSettings=null, dnsClient=null, inetAddressResolver=null, contextProvider=null, timeoutMS=null}
2025-07-10T04:11:26.986-03:00  INFO 96654 --- [localhost:64188] org.mongodb.driver.cluster               : Monitor thread successfully connected to server with description ServerDescription{address=localhost:64188, type=REPLICA_SET_PRIMARY, cryptd=false, state=CONNECTED, ok=true, minWireVersion=0, maxWireVersion=21, maxDocumentSize=16777216, logicalSessionTimeoutMinutes=30, roundTripTimeNanos=17754625, minRoundTripTimeNanos=0, setName='docker-rs', canonicalAddress=16dc6681d6ef:27017, hosts=[16dc6681d6ef:27017], passives=[], arbiters=[], primary='16dc6681d6ef:27017', tagSet=TagSet{[]}, electionId=7fffffff0000000000000001, setVersion=1, topologyVersion=TopologyVersion{processId=686f679bb87eeb21df56f56c, counter=6}, lastWriteDate=Thu Jul 10 04:11:25 ART 2025, lastUpdateTimeNanos=299552370521208}
2025-07-10T04:11:27.165-03:00  INFO 96654 --- [           main] i.m.r.core.builder.RunnerBuilderBase     : Mongock runner COMMUNITY version[[]]
2025-07-10T04:11:27.166-03:00  INFO 96654 --- [           main] i.m.r.core.builder.RunnerBuilderBase     : Running Mongock with NO metadata
2025-07-10T04:11:27.166-03:00  WARN 96654 --- [           main] i.m.r.core.builder.RunnerBuilderBase     : Property transaction-enabled not provided. It will become true as default in next versions. Set explicit value to false in case transaction are not desired.
2025-07-10T04:11:27.166-03:00  WARN 96654 --- [           main] i.m.r.core.builder.RunnerBuilderBase     : Property transaction-enabled not provided and is unknown if driver is transactionable. BY DEFAULT MONGOCK WILL RUN IN NO-TRANSACTION MODE.
2025-07-10T04:11:27.252-03:00  WARN 96654 --- [           main] .s.s.UserDetailsServiceAutoConfiguration : 

Using generated security password: 1554417e-622b-412c-a74e-3128d8e33f1f

This generated password is for development use only. Your security configuration must be updated before running your application in production.

2025-07-10T04:11:27.257-03:00  INFO 96654 --- [           main] r$InitializeUserDetailsManagerConfigurer : Global AuthenticationManager configured with UserDetailsService bean with name inMemoryUserDetailsManager
2025-07-10T04:11:27.332-03:00 DEBUG 96654 --- [           main] s.w.s.m.m.a.RequestMappingHandlerMapping : 13 mappings in 'requestMappingHandlerMapping'
2025-07-10T04:11:27.398-03:00 DEBUG 96654 --- [           main] o.s.w.s.handler.SimpleUrlHandlerMapping  : Patterns [/webjars/**, /**, /swagger-ui*/*swagger-initializer.js, /swagger-ui*/**] in 'resourceHandlerMapping'
2025-07-10T04:11:27.454-03:00 DEBUG 96654 --- [           main] s.w.s.m.m.a.RequestMappingHandlerAdapter : ControllerAdvice beans: 0 @ModelAttribute, 0 @InitBinder, 1 RequestBodyAdvice, 1 ResponseBodyAdvice
2025-07-10T04:11:27.479-03:00 DEBUG 96654 --- [           main] .m.m.a.ExceptionHandlerExceptionResolver : ControllerAdvice beans: 2 @ExceptionHandler, 1 ResponseBodyAdvice
2025-07-10T04:11:27.714-03:00  INFO 96654 --- [           main] o.s.b.w.embedded.tomcat.TomcatWebServer  : Tomcat started on port 64197 (http) with context path '/'
2025-07-10T04:11:27.720-03:00  INFO 96654 --- [           main] c.s.s.i.SpaceshipIntegrationTest         : Started SpaceshipIntegrationTest in 2.065 seconds (process running for 6.736)
2025-07-10T04:11:27.832-03:00  INFO 96654 --- [           main] org.reflections.Reflections              : Reflections took 12 ms to scan 1 urls, producing 2 keys and 2 values
2025-07-10T04:11:27.835-03:00  INFO 96654 --- [           main] org.reflections.Reflections              : Reflections took 1 ms to scan 1 urls, producing 2 keys and 2 values
2025-07-10T04:11:27.843-03:00  INFO 96654 --- [           main] i.m.driver.core.lock.LockManagerDefault  : Mongock trying to acquire the lock
2025-07-10T04:11:27.854-03:00  INFO 96654 --- [           main] i.m.driver.core.lock.LockManagerDefault  : Mongock acquired the lock until: Thu Jul 10 04:12:27 ART 2025
2025-07-10T04:11:27.855-03:00  INFO 96654 --- [       Thread-5] i.m.driver.core.lock.LockManagerDefault  : Starting mongock lock daemon...
2025-07-10T04:11:27.862-03:00  INFO 96654 --- [           main] i.m.r.c.e.system.SystemUpdateExecutor    : Mongock starting the system update execution id[2025-07-10T04:11:27.165245-617]...
2025-07-10T04:11:27.863-03:00  INFO 96654 --- [           main] i.m.r.c.executor.ChangeLogRuntimeImpl    : method[io.mongock.runner.core.executor.system.changes.SystemChangeUnit00001] with arguments: []
2025-07-10T04:11:27.864-03:00  INFO 96654 --- [           main] i.m.r.c.executor.ChangeLogRuntimeImpl    : method[beforeExecution] with arguments: [io.mongock.driver.mongodb.springdata.v4.SpringDataMongoV4ChangeEntryRepository]
2025-07-10T04:11:27.864-03:00  INFO 96654 --- [           main] i.m.r.core.executor.ChangeExecutorBase   : APPLIED - {"id"="system-change-00001_before", "type"="before-execution", "author"="mongock", "class"="SystemChangeUnit00001", "method"="beforeExecution"}
2025-07-10T04:11:27.869-03:00  INFO 96654 --- [           main] i.m.r.c.executor.ChangeLogRuntimeImpl    : method[execution] with arguments: [io.mongock.driver.mongodb.springdata.v4.SpringDataMongoV4ChangeEntryRepository]
2025-07-10T04:11:27.871-03:00  INFO 96654 --- [           main] i.m.r.core.executor.ChangeExecutorBase   : APPLIED - {"id"="system-change-00001", "type"="execution", "author"="mongock", "class"="SystemChangeUnit00001", "method"="execution"}
2025-07-10T04:11:27.873-03:00  INFO 96654 --- [           main] i.m.driver.core.lock.LockManagerDefault  : Mongock waiting to release the lock
2025-07-10T04:11:27.873-03:00  INFO 96654 --- [           main] i.m.driver.core.lock.LockManagerDefault  : Mongock releasing the lock
2025-07-10T04:11:27.878-03:00  INFO 96654 --- [           main] i.m.driver.core.lock.LockManagerDefault  : Mongock released the lock
2025-07-10T04:11:27.878-03:00  INFO 96654 --- [           main] i.m.r.c.e.system.SystemUpdateExecutor    : Mongock has finished the system update execution
2025-07-10T04:11:27.898-03:00  INFO 96654 --- [           main] org.reflections.Reflections              : Reflections took 19 ms to scan 1 urls, producing 3 keys and 5 values
2025-07-10T04:11:27.918-03:00  INFO 96654 --- [           main] org.reflections.Reflections              : Reflections took 8 ms to scan 1 urls, producing 3 keys and 5 values
2025-07-10T04:11:27.941-03:00  INFO 96654 --- [           main] i.m.driver.core.lock.LockManagerDefault  : Mongock trying to acquire the lock
2025-07-10T04:11:27.947-03:00  INFO 96654 --- [           main] i.m.driver.core.lock.LockManagerDefault  : Mongock acquired the lock until: Thu Jul 10 04:12:27 ART 2025
2025-07-10T04:11:27.947-03:00  INFO 96654 --- [       Thread-6] i.m.driver.core.lock.LockManagerDefault  : Starting mongock lock daemon...
2025-07-10T04:11:27.953-03:00  INFO 96654 --- [           main] i.m.r.c.e.o.migrate.MigrateExecutorBase  : Mongock starting the data migration sequence id[2025-07-10T04:11:27.165245-617]...
2025-07-10T04:11:27.953-03:00  INFO 96654 --- [           main] i.m.r.c.executor.ChangeLogRuntimeImpl    : method[com.spacefleet.spaceshipapi.config.mongo.CreateCollectionsChangeLog] with arguments: []
2025-07-10T04:11:27.984-03:00  INFO 96654 --- [           main] i.m.r.c.executor.ChangeLogRuntimeImpl    : method[createCollections] with arguments: [org.springframework.data.mongodb.core.MongoTemplate]
2025-07-10T04:11:28.048-03:00  INFO 96654 --- [           main] i.m.r.core.executor.ChangeExecutorBase   : APPLIED - {"id"="create-collections", "type"="execution", "author"="lolivera", "class"="CreateCollectionsChangeLog", "method"="createCollections"}
2025-07-10T04:11:28.050-03:00  INFO 96654 --- [           main] i.m.r.c.executor.ChangeLogRuntimeImpl    : method[com.spacefleet.spaceshipapi.config.mongo.InitialDataChangeLog] with arguments: []
2025-07-10T04:11:28.051-03:00  INFO 96654 --- [           main] i.m.r.c.executor.ChangeLogRuntimeImpl    : method[insertInitialData] with arguments: [org.springframework.data.mongodb.core.MongoTemplate]
2025-07-10T04:11:28.128-03:00  INFO 96654 --- [           main] i.m.r.core.executor.ChangeExecutorBase   : APPLIED - {"id"="initial-data-loader", "type"="execution", "author"="lolivera", "class"="InitialDataChangeLog", "method"="insertInitialData"}
2025-07-10T04:11:28.132-03:00  INFO 96654 --- [           main] i.m.driver.core.lock.LockManagerDefault  : Mongock waiting to release the lock
2025-07-10T04:11:28.132-03:00  INFO 96654 --- [           main] i.m.driver.core.lock.LockManagerDefault  : Mongock releasing the lock
2025-07-10T04:11:28.134-03:00  INFO 96654 --- [           main] i.m.driver.core.lock.LockManagerDefault  : Mongock released the lock
2025-07-10T04:11:28.134-03:00  INFO 96654 --- [           main] i.m.r.c.e.o.migrate.MigrateExecutorBase  : Mongock has finished
2025-07-10T04:11:28.590-03:00 DEBUG 96654 --- [           main] o.s.w.r.f.client.ExchangeFunctions       : [56ed6e17] HTTP POST http://localhost:64197/auth/login
2025-07-10T04:11:28.688-03:00 ERROR 96654 --- [           main] i.n.r.d.DnsServerAddressStreamProviders  : Unable to load io.netty.resolver.dns.macos.MacOSDnsServerAddressStreamProvider, fallback to system defaults. This may result in incorrect DNS resolutions on MacOS. Check whether you have a dependency on 'io.netty:netty-resolver-dns-native-macos'. Use DEBUG level to see the full stack: java.lang.UnsatisfiedLinkError: failed to load the required native library
2025-07-10T04:11:28.761-03:00 DEBUG 96654 --- [ctor-http-nio-2] org.springframework.web.HttpLogging      : [56ed6e17] Writing "{<EOL>  "username": "admin",<EOL>  "password": "admin123"<EOL>}<EOL>"
2025-07-10T04:11:28.805-03:00  INFO 96654 --- [o-auto-1-exec-1] o.a.c.c.C.[Tomcat].[localhost].[/]       : Initializing Spring DispatcherServlet 'dispatcherServlet'
2025-07-10T04:11:28.805-03:00  INFO 96654 --- [o-auto-1-exec-1] o.s.web.servlet.DispatcherServlet        : Initializing Servlet 'dispatcherServlet'
2025-07-10T04:11:28.805-03:00 DEBUG 96654 --- [o-auto-1-exec-1] o.s.web.servlet.DispatcherServlet        : Detected StandardServletMultipartResolver
2025-07-10T04:11:28.805-03:00 DEBUG 96654 --- [o-auto-1-exec-1] o.s.web.servlet.DispatcherServlet        : Detected AcceptHeaderLocaleResolver
2025-07-10T04:11:28.806-03:00 DEBUG 96654 --- [o-auto-1-exec-1] o.s.web.servlet.DispatcherServlet        : Detected FixedThemeResolver
2025-07-10T04:11:28.806-03:00 DEBUG 96654 --- [o-auto-1-exec-1] o.s.web.servlet.DispatcherServlet        : Detected org.springframework.web.servlet.view.DefaultRequestToViewNameTranslator@98dc042
2025-07-10T04:11:28.806-03:00 DEBUG 96654 --- [o-auto-1-exec-1] o.s.web.servlet.DispatcherServlet        : Detected org.springframework.web.servlet.support.SessionFlashMapManager@26ab3c1b
2025-07-10T04:11:28.806-03:00 DEBUG 96654 --- [o-auto-1-exec-1] o.s.web.servlet.DispatcherServlet        : enableLoggingRequestDetails='false': request parameters and headers will be masked to prevent unsafe logging of potentially sensitive data
2025-07-10T04:11:28.806-03:00  INFO 96654 --- [o-auto-1-exec-1] o.s.web.servlet.DispatcherServlet        : Completed initialization in 1 ms
2025-07-10T04:11:28.820-03:00 DEBUG 96654 --- [o-auto-1-exec-1] o.s.web.servlet.DispatcherServlet        : POST "/auth/login", parameters={}
2025-07-10T04:11:28.821-03:00 DEBUG 96654 --- [o-auto-1-exec-1] s.w.s.m.m.a.RequestMappingHandlerMapping : Mapped to com.spacefleet.spaceshipapi.controller.AuthController#login(UserDTO)
2025-07-10T04:11:28.831-03:00 DEBUG 96654 --- [o-auto-1-exec-1] m.m.a.RequestResponseBodyMethodProcessor : Read "application/json;charset=UTF-8" to [UserDTO(id=null, name=null, username=admin, password=admin123)]
2025-07-10T04:11:28.833-03:00  INFO 96654 --- [o-auto-1-exec-1] c.s.s.controller.AuthController          : AuthController, Attempting login for username: admin
2025-07-10T04:11:28.833-03:00  INFO 96654 --- [o-auto-1-exec-1] c.s.spaceshipapi.service.UserService     : UserService, Validating credentials for username: admin
2025-07-10T04:11:28.851-03:00  INFO 96654 --- [o-auto-1-exec-1] c.s.s.controller.AuthController          : AuthController, Login successful for username: admin
2025-07-10T04:11:28.871-03:00  INFO 96654 --- [o-auto-1-exec-1] c.s.s.controller.AuthController          : AuthController, token generated for username: admin
2025-07-10T04:11:28.874-03:00 DEBUG 96654 --- [o-auto-1-exec-1] o.s.w.s.m.m.a.HttpEntityMethodProcessor  : Using 'application/json', given [*/*] and supported [application/json, application/*+json, application/yaml]
2025-07-10T04:11:28.875-03:00 DEBUG 96654 --- [o-auto-1-exec-1] o.s.w.s.m.m.a.HttpEntityMethodProcessor  : Writing [{token=eyJhbGciOiJIUzI1NiJ9.eyJzdWIiOiJhZG1pbiIsImlhdCI6MTc1MjEzMTQ4OCwiZXhwIjoxNzUyMTM1MDg4fQ.GWgoK (truncated)...]
2025-07-10T04:11:28.878-03:00 DEBUG 96654 --- [o-auto-1-exec-1] o.s.web.servlet.DispatcherServlet        : Completed 200 OK
2025-07-10T04:11:29.076-03:00 DEBUG 96654 --- [ctor-http-nio-2] o.s.w.r.f.client.ExchangeFunctions       : [56ed6e17] [a82a393c-1] Response 200 OK
2025-07-10T04:11:29.088-03:00 DEBUG 96654 --- [ctor-http-nio-2] org.springframework.web.HttpLogging      : [56ed6e17] [a82a393c-1] Read 143 bytes
2025-07-10T04:11:29.097-03:00 DEBUG 96654 --- [           main] o.s.w.r.f.client.ExchangeFunctions       : [4ae1ee85] HTTP POST http://localhost:64197/spaceships
2025-07-10T04:11:29.098-03:00 DEBUG 96654 --- [ctor-http-nio-2] org.springframework.web.HttpLogging      : [4ae1ee85] Writing "{"id":null,"name":"TestShip","model":"Model-T","manufacturer":"TestCorp"}"
2025-07-10T04:11:29.110-03:00 DEBUG 96654 --- [o-auto-1-exec-2] o.s.web.servlet.DispatcherServlet        : POST "/spaceships", parameters={}
2025-07-10T04:11:29.111-03:00 DEBUG 96654 --- [o-auto-1-exec-2] s.w.s.m.m.a.RequestMappingHandlerMapping : Mapped to com.spacefleet.spaceshipapi.controller.SpaceshipController#create(SpaceshipDTO)
2025-07-10T04:11:29.113-03:00 DEBUG 96654 --- [o-auto-1-exec-2] m.m.a.RequestResponseBodyMethodProcessor : Read "application/json;charset=UTF-8" to [SpaceshipDTO(id=null, name=TestShip, model=Model-T, manufacturer=TestCorp)]
2025-07-10T04:11:29.123-03:00 DEBUG 96654 --- [o-auto-1-exec-2] o.s.w.s.m.m.a.HttpEntityMethodProcessor  : Using 'application/json', given [*/*] and supported [application/json, application/*+json, application/yaml]
2025-07-10T04:11:29.123-03:00 DEBUG 96654 --- [o-auto-1-exec-2] o.s.w.s.m.m.a.HttpEntityMethodProcessor  : Writing [SpaceshipDTO(id=686f67a15ffa7d73ef1078eb, name=TestShip, model=Model-T, manufacturer=TestCorp)]
2025-07-10T04:11:29.123-03:00 DEBUG 96654 --- [o-auto-1-exec-2] o.s.web.servlet.DispatcherServlet        : Completed 200 OK
2025-07-10T04:11:29.124-03:00 DEBUG 96654 --- [ctor-http-nio-2] o.s.w.r.f.client.ExchangeFunctions       : [4ae1ee85] [a82a393c-2] Response 200 OK
2025-07-10T04:11:29.124-03:00 DEBUG 96654 --- [ctor-http-nio-2] org.springframework.web.HttpLogging      : [4ae1ee85] [a82a393c-2] Read 95 bytes
2025-07-10T04:11:29.140-03:00 DEBUG 96654 --- [           main] o.s.w.r.f.client.ExchangeFunctions       : [75c2a35] HTTP GET http://localhost:64197/spaceships/search?name=TestShip
2025-07-10T04:11:29.144-03:00 DEBUG 96654 --- [o-auto-1-exec-3] o.s.web.servlet.DispatcherServlet        : GET "/spaceships/search?name=TestShip", parameters={masked}
2025-07-10T04:11:29.144-03:00 DEBUG 96654 --- [o-auto-1-exec-3] s.w.s.m.m.a.RequestMappingHandlerMapping : Mapped to com.spacefleet.spaceshipapi.controller.SpaceshipController#searchByName(String)
2025-07-10T04:11:29.152-03:00 DEBUG 96654 --- [o-auto-1-exec-3] o.s.w.s.m.m.a.HttpEntityMethodProcessor  : Using 'application/json', given [*/*] and supported [application/json, application/*+json, application/yaml]
2025-07-10T04:11:29.152-03:00 DEBUG 96654 --- [o-auto-1-exec-3] o.s.w.s.m.m.a.HttpEntityMethodProcessor  : Writing [[SpaceshipDTO(id=686f67a15ffa7d73ef1078eb, name=TestShip, model=Model-T, manufacturer=TestCorp)]]
2025-07-10T04:11:29.152-03:00 DEBUG 96654 --- [o-auto-1-exec-3] o.s.web.servlet.DispatcherServlet        : Completed 200 OK
2025-07-10T04:11:29.153-03:00 DEBUG 96654 --- [ctor-http-nio-2] o.s.w.r.f.client.ExchangeFunctions       : [75c2a35] [a82a393c-3] Response 200 OK
2025-07-10T04:11:29.153-03:00 DEBUG 96654 --- [ctor-http-nio-2] org.springframework.web.HttpLogging      : [75c2a35] [a82a393c-3] Read 97 bytes
]]></system-out>
    <system-err><![CDATA[Mockito is currently self-attaching to enable the inline-mock-maker. This will no longer work in future releases of the JDK. Please add Mockito as an agent to your build as described in Mockito's documentation: https://javadoc.io/doc/org.mockito/mockito-core/latest/org.mockito/org/mockito/Mockito.html#0.3
WARNING: A Java agent has been loaded dynamically (/Users/leonardoolivera/.m2/repository/net/bytebuddy/byte-buddy-agent/1.17.6/byte-buddy-agent-1.17.6.jar)
WARNING: If a serviceability tool is in use, please run with -XX:+EnableDynamicAgentLoading to hide this warning
WARNING: If a serviceability tool is not in use, please run with -Djdk.instrument.traceUsage for more information
WARNING: Dynamic loading of agents will be disallowed by default in a future release
]]></system-err>
  </testcase>
</testsuite>