<?xml version="1.0" encoding="UTF-8"?>
<testsuite xmlns:xsi="http://www.w3.org/2001/XMLSchema-instance" xsi:noNamespaceSchemaLocation="https://maven.apache.org/surefire/maven-surefire-plugin/xsd/surefire-test-report.xsd" version="3.0.2" name="com.spacefleet.spaceshipapi.controller.SpaceshipControllerTest" time="0.526" tests="12" errors="0" skipped="0" failures="0">
  <properties>
    <property name="java.specification.version" value="21"/>
    <property name="sun.jnu.encoding" value="UTF-8"/>
    <property name="java.class.path" value="/Users/leonardoolivera/work/personal/challenge_MindData/V2/spaceship-api/target/test-classes:/Users/leonardoolivera/work/personal/challenge_MindData/V2/spaceship-api/target/classes:/Users/leonardoolivera/.m2/repository/org/springframework/boot/spring-boot-starter-web/3.5.3/spring-boot-starter-web-3.5.3.jar:/Users/leonardoolivera/.m2/repository/org/springframework/boot/spring-boot-starter/3.5.3/spring-boot-starter-3.5.3.jar:/Users/leonardoolivera/.m2/repository/org/springframework/boot/spring-boot-starter-logging/3.5.3/spring-boot-starter-logging-3.5.3.jar:/Users/leonardoolivera/.m2/repository/ch/qos/logback/logback-classic/1.5.18/logback-classic-1.5.18.jar:/Users/leonardoolivera/.m2/repository/ch/qos/logback/logback-core/1.5.18/logback-core-1.5.18.jar:/Users/leonardoolivera/.m2/repository/org/apache/logging/log4j/log4j-to-slf4j/2.24.3/log4j-to-slf4j-2.24.3.jar:/Users/leonardoolivera/.m2/repository/org/apache/logging/log4j/log4j-api/2.24.3/log4j-api-2.24.3.jar:/Users/leonardoolivera/.m2/repository/org/slf4j/jul-to-slf4j/2.0.17/jul-to-slf4j-2.0.17.jar:/Users/leonardoolivera/.m2/repository/jakarta/annotation/jakarta.annotation-api/2.1.1/jakarta.annotation-api-2.1.1.jar:/Users/leonardoolivera/.m2/repository/org/yaml/snakeyaml/2.4/snakeyaml-2.4.jar:/Users/leonardoolivera/.m2/repository/org/springframework/boot/spring-boot-starter-json/3.5.3/spring-boot-starter-json-3.5.3.jar:/Users/leonardoolivera/.m2/repository/com/fasterxml/jackson/datatype/jackson-datatype-jdk8/2.19.1/jackson-datatype-jdk8-2.19.1.jar:/Users/leonardoolivera/.m2/repository/com/fasterxml/jackson/datatype/jackson-datatype-jsr310/2.19.1/jackson-datatype-jsr310-2.19.1.jar:/Users/leonardoolivera/.m2/repository/com/fasterxml/jackson/module/jackson-module-parameter-names/2.19.1/jackson-module-parameter-names-2.19.1.jar:/Users/leonardoolivera/.m2/repository/org/springframework/boot/spring-boot-starter-tomcat/3.5.3/spring-boot-starter-tomcat-3.5.3.jar:/Users/leonardoolivera/.m2/repository/org/apache/tomcat/embed/tomcat-embed-core/10.1.42/tomcat-embed-core-10.1.42.jar:/Users/leonardoolivera/.m2/repository/org/apache/tomcat/embed/tomcat-embed-el/10.1.42/tomcat-embed-el-10.1.42.jar:/Users/leonardoolivera/.m2/repository/org/apache/tomcat/embed/tomcat-embed-websocket/10.1.42/tomcat-embed-websocket-10.1.42.jar:/Users/leonardoolivera/.m2/repository/org/springframework/spring-web/6.2.8/spring-web-6.2.8.jar:/Users/leonardoolivera/.m2/repository/org/springframework/spring-beans/6.2.8/spring-beans-6.2.8.jar:/Users/leonardoolivera/.m2/repository/org/springframework/spring-webmvc/6.2.8/spring-webmvc-6.2.8.jar:/Users/leonardoolivera/.m2/repository/org/springframework/spring-expression/6.2.8/spring-expression-6.2.8.jar:/Users/leonardoolivera/.m2/repository/org/springframework/boot/spring-boot-starter-data-mongodb/3.5.3/spring-boot-starter-data-mongodb-3.5.3.jar:/Users/leonardoolivera/.m2/repository/org/mongodb/mongodb-driver-sync/5.5.1/mongodb-driver-sync-5.5.1.jar:/Users/leonardoolivera/.m2/repository/org/mongodb/bson/5.5.1/bson-5.5.1.jar:/Users/leonardoolivera/.m2/repository/org/mongodb/mongodb-driver-core/5.5.1/mongodb-driver-core-5.5.1.jar:/Users/leonardoolivera/.m2/repository/org/mongodb/bson-record-codec/5.5.1/bson-record-codec-5.5.1.jar:/Users/leonardoolivera/.m2/repository/org/springframework/data/spring-data-mongodb/4.5.1/spring-data-mongodb-4.5.1.jar:/Users/leonardoolivera/.m2/repository/org/springframework/data/spring-data-commons/3.5.1/spring-data-commons-3.5.1.jar:/Users/leonardoolivera/.m2/repository/org/slf4j/slf4j-api/2.0.17/slf4j-api-2.0.17.jar:/Users/leonardoolivera/.m2/repository/io/mongock/mongock-springboot/5.5.1/mongock-springboot-5.5.1.jar:/Users/leonardoolivera/.m2/repository/io/mongock/mongock-springboot-base/5.5.1/mongock-springboot-base-5.5.1.jar:/Users/leonardoolivera/.m2/repository/io/mongock/mongock-spring-base/5.5.1/mongock-spring-base-5.5.1.jar:/Users/leonardoolivera/.m2/repository/io/mongock/mongock-runner-core/5.5.1/mongock-runner-core-5.5.1.jar:/Users/leonardoolivera/.m2/repository/org/reflections/reflections/0.10.1/reflections-0.10.1.jar:/Users/leonardoolivera/.m2/repository/org/apache/maven/maven-artifact/3.6.1/maven-artifact-3.6.1.jar:/Users/leonardoolivera/.m2/repository/org/codehaus/plexus/plexus-utils/3.2.0/plexus-utils-3.2.0.jar:/Users/leonardoolivera/.m2/repository/com/google/code/gson/gson/2.13.1/gson-2.13.1.jar:/Users/leonardoolivera/.m2/repository/io/mongock/mongock-utils/5.5.1/mongock-utils-5.5.1.jar:/Users/leonardoolivera/.m2/repository/org/springframework/boot/spring-boot-configuration-processor/3.5.3/spring-boot-configuration-processor-3.5.3.jar:/Users/leonardoolivera/.m2/repository/io/mongock/mongodb-springdata-v4-driver/5.5.1/mongodb-springdata-v4-driver-5.5.1.jar:/Users/leonardoolivera/.m2/repository/io/mongock/mongock-driver-core/5.5.1/mongock-driver-core-5.5.1.jar:/Users/leonardoolivera/.m2/repository/io/mongock/mongock-driver-api/5.5.1/mongock-driver-api-5.5.1.jar:/Users/leonardoolivera/.m2/repository/org/javassist/javassist/3.28.0-GA/javassist-3.28.0-GA.jar:/Users/leonardoolivera/.m2/repository/com/google/guava/guava/32.1.3-jre/guava-32.1.3-jre.jar:/Users/leonardoolivera/.m2/repository/com/google/guava/failureaccess/1.0.1/failureaccess-1.0.1.jar:/Users/leonardoolivera/.m2/repository/com/google/guava/listenablefuture/9999.0-empty-to-avoid-conflict-with-guava/listenablefuture-9999.0-empty-to-avoid-conflict-with-guava.jar:/Users/leonardoolivera/.m2/repository/com/google/code/findbugs/jsr305/3.0.2/jsr305-3.0.2.jar:/Users/leonardoolivera/.m2/repository/org/checkerframework/checker-qual/3.37.0/checker-qual-3.37.0.jar:/Users/leonardoolivera/.m2/repository/com/google/j2objc/j2objc-annotations/2.8/j2objc-annotations-2.8.jar:/Users/leonardoolivera/.m2/repository/javax/inject/javax.inject/1/javax.inject-1.jar:/Users/leonardoolivera/.m2/repository/io/mongock/mongock-api/5.5.1/mongock-api-5.5.1.jar:/Users/leonardoolivera/.m2/repository/io/mongock/mongodb-sync-v4-driver/5.5.1/mongodb-sync-v4-driver-5.5.1.jar:/Users/leonardoolivera/.m2/repository/org/springframework/boot/spring-boot-autoconfigure/3.5.3/spring-boot-autoconfigure-3.5.3.jar:/Users/leonardoolivera/.m2/repository/org/springframework/boot/spring-boot-starter-security/3.5.3/spring-boot-starter-security-3.5.3.jar:/Users/leonardoolivera/.m2/repository/org/springframework/spring-aop/6.2.8/spring-aop-6.2.8.jar:/Users/leonardoolivera/.m2/repository/org/springframework/security/spring-security-config/6.5.1/spring-security-config-6.5.1.jar:/Users/leonardoolivera/.m2/repository/org/springframework/security/spring-security-core/6.5.1/spring-security-core-6.5.1.jar:/Users/leonardoolivera/.m2/repository/org/springframework/security/spring-security-crypto/6.5.1/spring-security-crypto-6.5.1.jar:/Users/leonardoolivera/.m2/repository/org/springframework/security/spring-security-web/6.5.1/spring-security-web-6.5.1.jar:/Users/leonardoolivera/.m2/repository/io/jsonwebtoken/jjwt-api/0.11.5/jjwt-api-0.11.5.jar:/Users/leonardoolivera/.m2/repository/io/jsonwebtoken/jjwt-impl/0.11.5/jjwt-impl-0.11.5.jar:/Users/leonardoolivera/.m2/repository/io/jsonwebtoken/jjwt-jackson/0.11.5/jjwt-jackson-0.11.5.jar:/Users/leonardoolivera/.m2/repository/com/fasterxml/jackson/core/jackson-databind/2.19.1/jackson-databind-2.19.1.jar:/Users/leonardoolivera/.m2/repository/com/fasterxml/jackson/core/jackson-annotations/2.19.1/jackson-annotations-2.19.1.jar:/Users/leonardoolivera/.m2/repository/com/fasterxml/jackson/core/jackson-core/2.19.1/jackson-core-2.19.1.jar:/Users/leonardoolivera/.m2/repository/org/springframework/kafka/spring-kafka/3.3.7/spring-kafka-3.3.7.jar:/Users/leonardoolivera/.m2/repository/org/springframework/spring-context/6.2.8/spring-context-6.2.8.jar:/Users/leonardoolivera/.m2/repository/org/springframework/spring-messaging/6.2.8/spring-messaging-6.2.8.jar:/Users/leonardoolivera/.m2/repository/org/springframework/spring-tx/6.2.8/spring-tx-6.2.8.jar:/Users/leonardoolivera/.m2/repository/org/springframework/retry/spring-retry/2.0.12/spring-retry-2.0.12.jar:/Users/leonardoolivera/.m2/repository/org/apache/kafka/kafka-clients/3.9.1/kafka-clients-3.9.1.jar:/Users/leonardoolivera/.m2/repository/com/github/luben/zstd-jni/1.5.6-4/zstd-jni-1.5.6-4.jar:/Users/leonardoolivera/.m2/repository/org/lz4/lz4-java/1.8.0/lz4-java-1.8.0.jar:/Users/leonardoolivera/.m2/repository/org/xerial/snappy/snappy-java/1.1.10.5/snappy-java-1.1.10.5.jar:/Users/leonardoolivera/.m2/repository/io/micrometer/micrometer-observation/1.15.1/micrometer-observation-1.15.1.jar:/Users/leonardoolivera/.m2/repository/io/micrometer/micrometer-commons/1.15.1/micrometer-commons-1.15.1.jar:/Users/leonardoolivera/.m2/repository/org/springframework/boot/spring-boot-starter-cache/3.5.3/spring-boot-starter-cache-3.5.3.jar:/Users/leonardoolivera/.m2/repository/org/springframework/spring-context-support/6.2.8/spring-context-support-6.2.8.jar:/Users/leonardoolivera/.m2/repository/com/github/ben-manes/caffeine/caffeine/3.2.1/caffeine-3.2.1.jar:/Users/leonardoolivera/.m2/repository/org/jspecify/jspecify/1.0.0/jspecify-1.0.0.jar:/Users/leonardoolivera/.m2/repository/com/google/errorprone/error_prone_annotations/2.38.0/error_prone_annotations-2.38.0.jar:/Users/leonardoolivera/.m2/repository/org/springframework/boot/spring-boot-starter-aop/3.5.3/spring-boot-starter-aop-3.5.3.jar:/Users/leonardoolivera/.m2/repository/org/aspectj/aspectjweaver/1.9.24/aspectjweaver-1.9.24.jar:/Users/leonardoolivera/.m2/repository/org/springdoc/springdoc-openapi-starter-webmvc-ui/2.8.9/springdoc-openapi-starter-webmvc-ui-2.8.9.jar:/Users/leonardoolivera/.m2/repository/org/springdoc/springdoc-openapi-starter-webmvc-api/2.8.9/springdoc-openapi-starter-webmvc-api-2.8.9.jar:/Users/leonardoolivera/.m2/repository/org/springdoc/springdoc-openapi-starter-common/2.8.9/springdoc-openapi-starter-common-2.8.9.jar:/Users/leonardoolivera/.m2/repository/org/springframework/boot/spring-boot-starter-validation/3.5.3/spring-boot-starter-validation-3.5.3.jar:/Users/leonardoolivera/.m2/repository/io/swagger/core/v3/swagger-core-jakarta/2.2.30/swagger-core-jakarta-2.2.30.jar:/Users/leonardoolivera/.m2/repository/io/swagger/core/v3/swagger-annotations-jakarta/2.2.30/swagger-annotations-jakarta-2.2.30.jar:/Users/leonardoolivera/.m2/repository/io/swagger/core/v3/swagger-models-jakarta/2.2.30/swagger-models-jakarta-2.2.30.jar:/Users/leonardoolivera/.m2/repository/com/fasterxml/jackson/dataformat/jackson-dataformat-yaml/2.19.1/jackson-dataformat-yaml-2.19.1.jar:/Users/leonardoolivera/.m2/repository/org/webjars/swagger-ui/5.21.0/swagger-ui-5.21.0.jar:/Users/leonardoolivera/.m2/repository/org/webjars/webjars-locator-lite/1.1.0/webjars-locator-lite-1.1.0.jar:/Users/leonardoolivera/.m2/repository/org/springframework/boot/spring-boot-starter-test/3.5.3/spring-boot-starter-test-3.5.3.jar:/Users/leonardoolivera/.m2/repository/org/springframework/boot/spring-boot-test-autoconfigure/3.5.3/spring-boot-test-autoconfigure-3.5.3.jar:/Users/leonardoolivera/.m2/repository/com/jayway/jsonpath/json-path/2.9.0/json-path-2.9.0.jar:/Users/leonardoolivera/.m2/repository/jakarta/xml/bind/jakarta.xml.bind-api/4.0.2/jakarta.xml.bind-api-4.0.2.jar:/Users/leonardoolivera/.m2/repository/jakarta/activation/jakarta.activation-api/2.1.3/jakarta.activation-api-2.1.3.jar:/Users/leonardoolivera/.m2/repository/net/minidev/json-smart/2.5.2/json-smart-2.5.2.jar:/Users/leonardoolivera/.m2/repository/net/minidev/accessors-smart/2.5.2/accessors-smart-2.5.2.jar:/Users/leonardoolivera/.m2/repository/org/ow2/asm/asm/9.7.1/asm-9.7.1.jar:/Users/leonardoolivera/.m2/repository/org/assertj/assertj-core/3.27.3/assertj-core-3.27.3.jar:/Users/leonardoolivera/.m2/repository/net/bytebuddy/byte-buddy/1.17.6/byte-buddy-1.17.6.jar:/Users/leonardoolivera/.m2/repository/org/awaitility/awaitility/4.2.2/awaitility-4.2.2.jar:/Users/leonardoolivera/.m2/repository/org/hamcrest/hamcrest/3.0/hamcrest-3.0.jar:/Users/leonardoolivera/.m2/repository/org/junit/jupiter/junit-jupiter/5.12.2/junit-jupiter-5.12.2.jar:/Users/leonardoolivera/.m2/repository/org/junit/jupiter/junit-jupiter-api/5.12.2/junit-jupiter-api-5.12.2.jar:/Users/leonardoolivera/.m2/repository/org/opentest4j/opentest4j/1.3.0/opentest4j-1.3.0.jar:/Users/leonardoolivera/.m2/repository/org/junit/platform/junit-platform-commons/1.12.2/junit-platform-commons-1.12.2.jar:/Users/leonardoolivera/.m2/repository/org/apiguardian/apiguardian-api/1.1.2/apiguardian-api-1.1.2.jar:/Users/leonardoolivera/.m2/repository/org/junit/jupiter/junit-jupiter-params/5.12.2/junit-jupiter-params-5.12.2.jar:/Users/leonardoolivera/.m2/repository/org/junit/jupiter/junit-jupiter-engine/5.12.2/junit-jupiter-engine-5.12.2.jar:/Users/leonardoolivera/.m2/repository/org/junit/platform/junit-platform-engine/1.12.2/junit-platform-engine-1.12.2.jar:/Users/leonardoolivera/.m2/repository/org/mockito/mockito-core/5.17.0/mockito-core-5.17.0.jar:/Users/leonardoolivera/.m2/repository/net/bytebuddy/byte-buddy-agent/1.17.6/byte-buddy-agent-1.17.6.jar:/Users/leonardoolivera/.m2/repository/org/objenesis/objenesis/3.3/objenesis-3.3.jar:/Users/leonardoolivera/.m2/repository/org/mockito/mockito-junit-jupiter/5.17.0/mockito-junit-jupiter-5.17.0.jar:/Users/leonardoolivera/.m2/repository/org/skyscreamer/jsonassert/1.5.3/jsonassert-1.5.3.jar:/Users/leonardoolivera/.m2/repository/com/vaadin/external/google/android-json/0.0.20131108.vaadin1/android-json-0.0.20131108.vaadin1.jar:/Users/leonardoolivera/.m2/repository/org/springframework/spring-core/6.2.8/spring-core-6.2.8.jar:/Users/leonardoolivera/.m2/repository/org/springframework/spring-jcl/6.2.8/spring-jcl-6.2.8.jar:/Users/leonardoolivera/.m2/repository/org/springframework/spring-test/6.2.8/spring-test-6.2.8.jar:/Users/leonardoolivera/.m2/repository/org/xmlunit/xmlunit-core/2.10.2/xmlunit-core-2.10.2.jar:/Users/leonardoolivera/.m2/repository/jakarta/servlet/jakarta.servlet-api/6.0.0/jakarta.servlet-api-6.0.0.jar:/Users/leonardoolivera/.m2/repository/org/hibernate/validator/hibernate-validator/9.0.1.Final/hibernate-validator-9.0.1.Final.jar:/Users/leonardoolivera/.m2/repository/org/jboss/logging/jboss-logging/3.6.1.Final/jboss-logging-3.6.1.Final.jar:/Users/leonardoolivera/.m2/repository/com/fasterxml/classmate/1.7.0/classmate-1.7.0.jar:/Users/leonardoolivera/.m2/repository/jakarta/validation/jakarta.validation-api/3.1.1/jakarta.validation-api-3.1.1.jar:/Users/leonardoolivera/.m2/repository/org/testcontainers/junit-jupiter/1.19.3/junit-jupiter-1.19.3.jar:/Users/leonardoolivera/.m2/repository/org/testcontainers/testcontainers/1.21.2/testcontainers-1.21.2.jar:/Users/leonardoolivera/.m2/repository/junit/junit/4.13.2/junit-4.13.2.jar:/Users/leonardoolivera/.m2/repository/org/hamcrest/hamcrest-core/3.0/hamcrest-core-3.0.jar:/Users/leonardoolivera/.m2/repository/org/apache/commons/commons-compress/1.24.0/commons-compress-1.24.0.jar:/Users/leonardoolivera/.m2/repository/org/rnorth/duct-tape/duct-tape/1.0.8/duct-tape-1.0.8.jar:/Users/leonardoolivera/.m2/repository/org/jetbrains/annotations/17.0.0/annotations-17.0.0.jar:/Users/leonardoolivera/.m2/repository/com/github/docker-java/docker-java-api/3.4.2/docker-java-api-3.4.2.jar:/Users/leonardoolivera/.m2/repository/com/github/docker-java/docker-java-transport-zerodep/3.4.2/docker-java-transport-zerodep-3.4.2.jar:/Users/leonardoolivera/.m2/repository/com/github/docker-java/docker-java-transport/3.4.2/docker-java-transport-3.4.2.jar:/Users/leonardoolivera/.m2/repository/org/testcontainers/mongodb/1.19.3/mongodb-1.19.3.jar:/Users/leonardoolivera/.m2/repository/org/testcontainers/kafka/1.19.3/kafka-1.19.3.jar:/Users/leonardoolivera/.m2/repository/org/springframework/boot/spring-boot-starter-webflux/3.5.3/spring-boot-starter-webflux-3.5.3.jar:/Users/leonardoolivera/.m2/repository/org/springframework/boot/spring-boot-starter-reactor-netty/3.5.3/spring-boot-starter-reactor-netty-3.5.3.jar:/Users/leonardoolivera/.m2/repository/io/projectreactor/netty/reactor-netty-http/1.2.7/reactor-netty-http-1.2.7.jar:/Users/leonardoolivera/.m2/repository/io/netty/netty-codec-http/4.1.122.Final/netty-codec-http-4.1.122.Final.jar:/Users/leonardoolivera/.m2/repository/io/netty/netty-common/4.1.122.Final/netty-common-4.1.122.Final.jar:/Users/leonardoolivera/.m2/repository/io/netty/netty-buffer/4.1.122.Final/netty-buffer-4.1.122.Final.jar:/Users/leonardoolivera/.m2/repository/io/netty/netty-transport/4.1.122.Final/netty-transport-4.1.122.Final.jar:/Users/leonardoolivera/.m2/repository/io/netty/netty-codec/4.1.122.Final/netty-codec-4.1.122.Final.jar:/Users/leonardoolivera/.m2/repository/io/netty/netty-handler/4.1.122.Final/netty-handler-4.1.122.Final.jar:/Users/leonardoolivera/.m2/repository/io/netty/netty-codec-http2/4.1.122.Final/netty-codec-http2-4.1.122.Final.jar:/Users/leonardoolivera/.m2/repository/io/netty/netty-resolver-dns/4.1.122.Final/netty-resolver-dns-4.1.122.Final.jar:/Users/leonardoolivera/.m2/repository/io/netty/netty-resolver/4.1.122.Final/netty-resolver-4.1.122.Final.jar:/Users/leonardoolivera/.m2/repository/io/netty/netty-codec-dns/4.1.122.Final/netty-codec-dns-4.1.122.Final.jar:/Users/leonardoolivera/.m2/repository/io/netty/netty-resolver-dns-native-macos/4.1.122.Final/netty-resolver-dns-native-macos-4.1.122.Final-osx-x86_64.jar:/Users/leonardoolivera/.m2/repository/io/netty/netty-resolver-dns-classes-macos/4.1.122.Final/netty-resolver-dns-classes-macos-4.1.122.Final.jar:/Users/leonardoolivera/.m2/repository/io/netty/netty-transport-native-epoll/4.1.122.Final/netty-transport-native-epoll-4.1.122.Final-linux-x86_64.jar:/Users/leonardoolivera/.m2/repository/io/netty/netty-transport-native-unix-common/4.1.122.Final/netty-transport-native-unix-common-4.1.122.Final.jar:/Users/leonardoolivera/.m2/repository/io/netty/netty-transport-classes-epoll/4.1.122.Final/netty-transport-classes-epoll-4.1.122.Final.jar:/Users/leonardoolivera/.m2/repository/io/projectreactor/netty/reactor-netty-core/1.2.7/reactor-netty-core-1.2.7.jar:/Users/leonardoolivera/.m2/repository/io/netty/netty-handler-proxy/4.1.122.Final/netty-handler-proxy-4.1.122.Final.jar:/Users/leonardoolivera/.m2/repository/io/netty/netty-codec-socks/4.1.122.Final/netty-codec-socks-4.1.122.Final.jar:/Users/leonardoolivera/.m2/repository/org/springframework/spring-webflux/6.2.8/spring-webflux-6.2.8.jar:/Users/leonardoolivera/.m2/repository/io/projectreactor/reactor-core/3.7.7/reactor-core-3.7.7.jar:/Users/leonardoolivera/.m2/repository/org/reactivestreams/reactive-streams/1.0.4/reactive-streams-1.0.4.jar:/Users/leonardoolivera/.m2/repository/org/springframework/boot/spring-boot-test/3.5.3/spring-boot-test-3.5.3.jar:/Users/leonardoolivera/.m2/repository/org/springframework/boot/spring-boot/3.5.3/spring-boot-3.5.3.jar:/Users/leonardoolivera/.m2/repository/de/flapdoodle/embed/de.flapdoodle.embed.mongo/4.20.1/de.flapdoodle.embed.mongo-4.20.1.jar:/Users/leonardoolivera/.m2/repository/de/flapdoodle/embed/de.flapdoodle.embed.process/4.16.1/de.flapdoodle.embed.process-4.16.1.jar:/Users/leonardoolivera/.m2/repository/de/flapdoodle/reverse/de.flapdoodle.reverse/1.9.1/de.flapdoodle.reverse-1.9.1.jar:/Users/leonardoolivera/.m2/repository/de/flapdoodle/graph/de.flapdoodle.graph/1.3.4/de.flapdoodle.graph-1.3.4.jar:/Users/leonardoolivera/.m2/repository/org/jgrapht/jgrapht-core/1.4.0/jgrapht-core-1.4.0.jar:/Users/leonardoolivera/.m2/repository/org/jheaps/jheaps/0.11/jheaps-0.11.jar:/Users/leonardoolivera/.m2/repository/de/flapdoodle/java8/de.flapdoodle.java8/1.7.2/de.flapdoodle.java8-1.7.2.jar:/Users/leonardoolivera/.m2/repository/org/apache/commons/commons-lang3/3.17.0/commons-lang3-3.17.0.jar:/Users/leonardoolivera/.m2/repository/net/java/dev/jna/jna/5.17.0/jna-5.17.0.jar:/Users/leonardoolivera/.m2/repository/net/java/dev/jna/jna-platform/5.17.0/jna-platform-5.17.0.jar:/Users/leonardoolivera/.m2/repository/de/flapdoodle/de.flapdoodle.os-api/1.7.1/de.flapdoodle.os-api-1.7.1.jar:/Users/leonardoolivera/.m2/repository/de/flapdoodle/embed/de.flapdoodle.embed.mongo.packageresolver/4.20.1/de.flapdoodle.embed.mongo.packageresolver-4.20.1.jar:/Users/leonardoolivera/.m2/repository/de/flapdoodle/de.flapdoodle.os/1.9.2/de.flapdoodle.os-1.9.2.jar:/Users/leonardoolivera/.m2/repository/org/projectlombok/lombok/1.18.38/lombok-1.18.38.jar:"/>
    <property name="java.vm.vendor" value="Amazon.com Inc."/>
    <property name="sun.arch.data.model" value="64"/>
    <property name="java.vendor.url" value="https://aws.amazon.com/corretto/"/>
    <property name="catalina.useNaming" value="false"/>
    <property name="user.timezone" value="America/Argentina/Cordoba"/>
    <property name="org.jboss.logging.provider" value="slf4j"/>
    <property name="os.name" value="Mac OS X"/>
    <property name="java.vm.specification.version" value="21"/>
    <property name="sun.java.launcher" value="SUN_STANDARD"/>
    <property name="user.country" value="AR"/>
    <property name="sun.boot.library.path" value="/Users/leonardoolivera/.sdkman/candidates/java/21.0.7-amzn/lib"/>
    <property name="sun.java.command" value="/Users/leonardoolivera/work/personal/challenge_MindData/V2/spaceship-api/target/surefire/surefirebooter-20250718100454987_3.jar /Users/leonardoolivera/work/personal/challenge_MindData/V2/spaceship-api/target/surefire 2025-07-18T10-04-54_948-jvmRun1 surefire-20250718100454987_1tmp surefire_0-20250718100454987_2tmp"/>
    <property name="http.nonProxyHosts" value="local|*.local|169.254/16|*.169.254/16"/>
    <property name="jdk.debug" value="release"/>
    <property name="surefire.test.class.path" value="/Users/leonardoolivera/work/personal/challenge_MindData/V2/spaceship-api/target/test-classes:/Users/leonardoolivera/work/personal/challenge_MindData/V2/spaceship-api/target/classes:/Users/leonardoolivera/.m2/repository/org/springframework/boot/spring-boot-starter-web/3.5.3/spring-boot-starter-web-3.5.3.jar:/Users/leonardoolivera/.m2/repository/org/springframework/boot/spring-boot-starter/3.5.3/spring-boot-starter-3.5.3.jar:/Users/leonardoolivera/.m2/repository/org/springframework/boot/spring-boot-starter-logging/3.5.3/spring-boot-starter-logging-3.5.3.jar:/Users/leonardoolivera/.m2/repository/ch/qos/logback/logback-classic/1.5.18/logback-classic-1.5.18.jar:/Users/leonardoolivera/.m2/repository/ch/qos/logback/logback-core/1.5.18/logback-core-1.5.18.jar:/Users/leonardoolivera/.m2/repository/org/apache/logging/log4j/log4j-to-slf4j/2.24.3/log4j-to-slf4j-2.24.3.jar:/Users/leonardoolivera/.m2/repository/org/apache/logging/log4j/log4j-api/2.24.3/log4j-api-2.24.3.jar:/Users/leonardoolivera/.m2/repository/org/slf4j/jul-to-slf4j/2.0.17/jul-to-slf4j-2.0.17.jar:/Users/leonardoolivera/.m2/repository/jakarta/annotation/jakarta.annotation-api/2.1.1/jakarta.annotation-api-2.1.1.jar:/Users/leonardoolivera/.m2/repository/org/yaml/snakeyaml/2.4/snakeyaml-2.4.jar:/Users/leonardoolivera/.m2/repository/org/springframework/boot/spring-boot-starter-json/3.5.3/spring-boot-starter-json-3.5.3.jar:/Users/leonardoolivera/.m2/repository/com/fasterxml/jackson/datatype/jackson-datatype-jdk8/2.19.1/jackson-datatype-jdk8-2.19.1.jar:/Users/leonardoolivera/.m2/repository/com/fasterxml/jackson/datatype/jackson-datatype-jsr310/2.19.1/jackson-datatype-jsr310-2.19.1.jar:/Users/leonardoolivera/.m2/repository/com/fasterxml/jackson/module/jackson-module-parameter-names/2.19.1/jackson-module-parameter-names-2.19.1.jar:/Users/leonardoolivera/.m2/repository/org/springframework/boot/spring-boot-starter-tomcat/3.5.3/spring-boot-starter-tomcat-3.5.3.jar:/Users/leonardoolivera/.m2/repository/org/apache/tomcat/embed/tomcat-embed-core/10.1.42/tomcat-embed-core-10.1.42.jar:/Users/leonardoolivera/.m2/repository/org/apache/tomcat/embed/tomcat-embed-el/10.1.42/tomcat-embed-el-10.1.42.jar:/Users/leonardoolivera/.m2/repository/org/apache/tomcat/embed/tomcat-embed-websocket/10.1.42/tomcat-embed-websocket-10.1.42.jar:/Users/leonardoolivera/.m2/repository/org/springframework/spring-web/6.2.8/spring-web-6.2.8.jar:/Users/leonardoolivera/.m2/repository/org/springframework/spring-beans/6.2.8/spring-beans-6.2.8.jar:/Users/leonardoolivera/.m2/repository/org/springframework/spring-webmvc/6.2.8/spring-webmvc-6.2.8.jar:/Users/leonardoolivera/.m2/repository/org/springframework/spring-expression/6.2.8/spring-expression-6.2.8.jar:/Users/leonardoolivera/.m2/repository/org/springframework/boot/spring-boot-starter-data-mongodb/3.5.3/spring-boot-starter-data-mongodb-3.5.3.jar:/Users/leonardoolivera/.m2/repository/org/mongodb/mongodb-driver-sync/5.5.1/mongodb-driver-sync-5.5.1.jar:/Users/leonardoolivera/.m2/repository/org/mongodb/bson/5.5.1/bson-5.5.1.jar:/Users/leonardoolivera/.m2/repository/org/mongodb/mongodb-driver-core/5.5.1/mongodb-driver-core-5.5.1.jar:/Users/leonardoolivera/.m2/repository/org/mongodb/bson-record-codec/5.5.1/bson-record-codec-5.5.1.jar:/Users/leonardoolivera/.m2/repository/org/springframework/data/spring-data-mongodb/4.5.1/spring-data-mongodb-4.5.1.jar:/Users/leonardoolivera/.m2/repository/org/springframework/data/spring-data-commons/3.5.1/spring-data-commons-3.5.1.jar:/Users/leonardoolivera/.m2/repository/org/slf4j/slf4j-api/2.0.17/slf4j-api-2.0.17.jar:/Users/leonardoolivera/.m2/repository/io/mongock/mongock-springboot/5.5.1/mongock-springboot-5.5.1.jar:/Users/leonardoolivera/.m2/repository/io/mongock/mongock-springboot-base/5.5.1/mongock-springboot-base-5.5.1.jar:/Users/leonardoolivera/.m2/repository/io/mongock/mongock-spring-base/5.5.1/mongock-spring-base-5.5.1.jar:/Users/leonardoolivera/.m2/repository/io/mongock/mongock-runner-core/5.5.1/mongock-runner-core-5.5.1.jar:/Users/leonardoolivera/.m2/repository/org/reflections/reflections/0.10.1/reflections-0.10.1.jar:/Users/leonardoolivera/.m2/repository/org/apache/maven/maven-artifact/3.6.1/maven-artifact-3.6.1.jar:/Users/leonardoolivera/.m2/repository/org/codehaus/plexus/plexus-utils/3.2.0/plexus-utils-3.2.0.jar:/Users/leonardoolivera/.m2/repository/com/google/code/gson/gson/2.13.1/gson-2.13.1.jar:/Users/leonardoolivera/.m2/repository/io/mongock/mongock-utils/5.5.1/mongock-utils-5.5.1.jar:/Users/leonardoolivera/.m2/repository/org/springframework/boot/spring-boot-configuration-processor/3.5.3/spring-boot-configuration-processor-3.5.3.jar:/Users/leonardoolivera/.m2/repository/io/mongock/mongodb-springdata-v4-driver/5.5.1/mongodb-springdata-v4-driver-5.5.1.jar:/Users/leonardoolivera/.m2/repository/io/mongock/mongock-driver-core/5.5.1/mongock-driver-core-5.5.1.jar:/Users/leonardoolivera/.m2/repository/io/mongock/mongock-driver-api/5.5.1/mongock-driver-api-5.5.1.jar:/Users/leonardoolivera/.m2/repository/org/javassist/javassist/3.28.0-GA/javassist-3.28.0-GA.jar:/Users/leonardoolivera/.m2/repository/com/google/guava/guava/32.1.3-jre/guava-32.1.3-jre.jar:/Users/leonardoolivera/.m2/repository/com/google/guava/failureaccess/1.0.1/failureaccess-1.0.1.jar:/Users/leonardoolivera/.m2/repository/com/google/guava/listenablefuture/9999.0-empty-to-avoid-conflict-with-guava/listenablefuture-9999.0-empty-to-avoid-conflict-with-guava.jar:/Users/leonardoolivera/.m2/repository/com/google/code/findbugs/jsr305/3.0.2/jsr305-3.0.2.jar:/Users/leonardoolivera/.m2/repository/org/checkerframework/checker-qual/3.37.0/checker-qual-3.37.0.jar:/Users/leonardoolivera/.m2/repository/com/google/j2objc/j2objc-annotations/2.8/j2objc-annotations-2.8.jar:/Users/leonardoolivera/.m2/repository/javax/inject/javax.inject/1/javax.inject-1.jar:/Users/leonardoolivera/.m2/repository/io/mongock/mongock-api/5.5.1/mongock-api-5.5.1.jar:/Users/leonardoolivera/.m2/repository/io/mongock/mongodb-sync-v4-driver/5.5.1/mongodb-sync-v4-driver-5.5.1.jar:/Users/leonardoolivera/.m2/repository/org/springframework/boot/spring-boot-autoconfigure/3.5.3/spring-boot-autoconfigure-3.5.3.jar:/Users/leonardoolivera/.m2/repository/org/springframework/boot/spring-boot-starter-security/3.5.3/spring-boot-starter-security-3.5.3.jar:/Users/leonardoolivera/.m2/repository/org/springframework/spring-aop/6.2.8/spring-aop-6.2.8.jar:/Users/leonardoolivera/.m2/repository/org/springframework/security/spring-security-config/6.5.1/spring-security-config-6.5.1.jar:/Users/leonardoolivera/.m2/repository/org/springframework/security/spring-security-core/6.5.1/spring-security-core-6.5.1.jar:/Users/leonardoolivera/.m2/repository/org/springframework/security/spring-security-crypto/6.5.1/spring-security-crypto-6.5.1.jar:/Users/leonardoolivera/.m2/repository/org/springframework/security/spring-security-web/6.5.1/spring-security-web-6.5.1.jar:/Users/leonardoolivera/.m2/repository/io/jsonwebtoken/jjwt-api/0.11.5/jjwt-api-0.11.5.jar:/Users/leonardoolivera/.m2/repository/io/jsonwebtoken/jjwt-impl/0.11.5/jjwt-impl-0.11.5.jar:/Users/leonardoolivera/.m2/repository/io/jsonwebtoken/jjwt-jackson/0.11.5/jjwt-jackson-0.11.5.jar:/Users/leonardoolivera/.m2/repository/com/fasterxml/jackson/core/jackson-databind/2.19.1/jackson-databind-2.19.1.jar:/Users/leonardoolivera/.m2/repository/com/fasterxml/jackson/core/jackson-annotations/2.19.1/jackson-annotations-2.19.1.jar:/Users/leonardoolivera/.m2/repository/com/fasterxml/jackson/core/jackson-core/2.19.1/jackson-core-2.19.1.jar:/Users/leonardoolivera/.m2/repository/org/springframework/kafka/spring-kafka/3.3.7/spring-kafka-3.3.7.jar:/Users/leonardoolivera/.m2/repository/org/springframework/spring-context/6.2.8/spring-context-6.2.8.jar:/Users/leonardoolivera/.m2/repository/org/springframework/spring-messaging/6.2.8/spring-messaging-6.2.8.jar:/Users/leonardoolivera/.m2/repository/org/springframework/spring-tx/6.2.8/spring-tx-6.2.8.jar:/Users/leonardoolivera/.m2/repository/org/springframework/retry/spring-retry/2.0.12/spring-retry-2.0.12.jar:/Users/leonardoolivera/.m2/repository/org/apache/kafka/kafka-clients/3.9.1/kafka-clients-3.9.1.jar:/Users/leonardoolivera/.m2/repository/com/github/luben/zstd-jni/1.5.6-4/zstd-jni-1.5.6-4.jar:/Users/leonardoolivera/.m2/repository/org/lz4/lz4-java/1.8.0/lz4-java-1.8.0.jar:/Users/leonardoolivera/.m2/repository/org/xerial/snappy/snappy-java/1.1.10.5/snappy-java-1.1.10.5.jar:/Users/leonardoolivera/.m2/repository/io/micrometer/micrometer-observation/1.15.1/micrometer-observation-1.15.1.jar:/Users/leonardoolivera/.m2/repository/io/micrometer/micrometer-commons/1.15.1/micrometer-commons-1.15.1.jar:/Users/leonardoolivera/.m2/repository/org/springframework/boot/spring-boot-starter-cache/3.5.3/spring-boot-starter-cache-3.5.3.jar:/Users/leonardoolivera/.m2/repository/org/springframework/spring-context-support/6.2.8/spring-context-support-6.2.8.jar:/Users/leonardoolivera/.m2/repository/com/github/ben-manes/caffeine/caffeine/3.2.1/caffeine-3.2.1.jar:/Users/leonardoolivera/.m2/repository/org/jspecify/jspecify/1.0.0/jspecify-1.0.0.jar:/Users/leonardoolivera/.m2/repository/com/google/errorprone/error_prone_annotations/2.38.0/error_prone_annotations-2.38.0.jar:/Users/leonardoolivera/.m2/repository/org/springframework/boot/spring-boot-starter-aop/3.5.3/spring-boot-starter-aop-3.5.3.jar:/Users/leonardoolivera/.m2/repository/org/aspectj/aspectjweaver/1.9.24/aspectjweaver-1.9.24.jar:/Users/leonardoolivera/.m2/repository/org/springdoc/springdoc-openapi-starter-webmvc-ui/2.8.9/springdoc-openapi-starter-webmvc-ui-2.8.9.jar:/Users/leonardoolivera/.m2/repository/org/springdoc/springdoc-openapi-starter-webmvc-api/2.8.9/springdoc-openapi-starter-webmvc-api-2.8.9.jar:/Users/leonardoolivera/.m2/repository/org/springdoc/springdoc-openapi-starter-common/2.8.9/springdoc-openapi-starter-common-2.8.9.jar:/Users/leonardoolivera/.m2/repository/org/springframework/boot/spring-boot-starter-validation/3.5.3/spring-boot-starter-validation-3.5.3.jar:/Users/leonardoolivera/.m2/repository/io/swagger/core/v3/swagger-core-jakarta/2.2.30/swagger-core-jakarta-2.2.30.jar:/Users/leonardoolivera/.m2/repository/io/swagger/core/v3/swagger-annotations-jakarta/2.2.30/swagger-annotations-jakarta-2.2.30.jar:/Users/leonardoolivera/.m2/repository/io/swagger/core/v3/swagger-models-jakarta/2.2.30/swagger-models-jakarta-2.2.30.jar:/Users/leonardoolivera/.m2/repository/com/fasterxml/jackson/dataformat/jackson-dataformat-yaml/2.19.1/jackson-dataformat-yaml-2.19.1.jar:/Users/leonardoolivera/.m2/repository/org/webjars/swagger-ui/5.21.0/swagger-ui-5.21.0.jar:/Users/leonardoolivera/.m2/repository/org/webjars/webjars-locator-lite/1.1.0/webjars-locator-lite-1.1.0.jar:/Users/leonardoolivera/.m2/repository/org/springframework/boot/spring-boot-starter-test/3.5.3/spring-boot-starter-test-3.5.3.jar:/Users/leonardoolivera/.m2/repository/org/springframework/boot/spring-boot-test-autoconfigure/3.5.3/spring-boot-test-autoconfigure-3.5.3.jar:/Users/leonardoolivera/.m2/repository/com/jayway/jsonpath/json-path/2.9.0/json-path-2.9.0.jar:/Users/leonardoolivera/.m2/repository/jakarta/xml/bind/jakarta.xml.bind-api/4.0.2/jakarta.xml.bind-api-4.0.2.jar:/Users/leonardoolivera/.m2/repository/jakarta/activation/jakarta.activation-api/2.1.3/jakarta.activation-api-2.1.3.jar:/Users/leonardoolivera/.m2/repository/net/minidev/json-smart/2.5.2/json-smart-2.5.2.jar:/Users/leonardoolivera/.m2/repository/net/minidev/accessors-smart/2.5.2/accessors-smart-2.5.2.jar:/Users/leonardoolivera/.m2/repository/org/ow2/asm/asm/9.7.1/asm-9.7.1.jar:/Users/leonardoolivera/.m2/repository/org/assertj/assertj-core/3.27.3/assertj-core-3.27.3.jar:/Users/leonardoolivera/.m2/repository/net/bytebuddy/byte-buddy/1.17.6/byte-buddy-1.17.6.jar:/Users/leonardoolivera/.m2/repository/org/awaitility/awaitility/4.2.2/awaitility-4.2.2.jar:/Users/leonardoolivera/.m2/repository/org/hamcrest/hamcrest/3.0/hamcrest-3.0.jar:/Users/leonardoolivera/.m2/repository/org/junit/jupiter/junit-jupiter/5.12.2/junit-jupiter-5.12.2.jar:/Users/leonardoolivera/.m2/repository/org/junit/jupiter/junit-jupiter-api/5.12.2/junit-jupiter-api-5.12.2.jar:/Users/leonardoolivera/.m2/repository/org/opentest4j/opentest4j/1.3.0/opentest4j-1.3.0.jar:/Users/leonardoolivera/.m2/repository/org/junit/platform/junit-platform-commons/1.12.2/junit-platform-commons-1.12.2.jar:/Users/leonardoolivera/.m2/repository/org/apiguardian/apiguardian-api/1.1.2/apiguardian-api-1.1.2.jar:/Users/leonardoolivera/.m2/repository/org/junit/jupiter/junit-jupiter-params/5.12.2/junit-jupiter-params-5.12.2.jar:/Users/leonardoolivera/.m2/repository/org/junit/jupiter/junit-jupiter-engine/5.12.2/junit-jupiter-engine-5.12.2.jar:/Users/leonardoolivera/.m2/repository/org/junit/platform/junit-platform-engine/1.12.2/junit-platform-engine-1.12.2.jar:/Users/leonardoolivera/.m2/repository/org/mockito/mockito-core/5.17.0/mockito-core-5.17.0.jar:/Users/leonardoolivera/.m2/repository/net/bytebuddy/byte-buddy-agent/1.17.6/byte-buddy-agent-1.17.6.jar:/Users/leonardoolivera/.m2/repository/org/objenesis/objenesis/3.3/objenesis-3.3.jar:/Users/leonardoolivera/.m2/repository/org/mockito/mockito-junit-jupiter/5.17.0/mockito-junit-jupiter-5.17.0.jar:/Users/leonardoolivera/.m2/repository/org/skyscreamer/jsonassert/1.5.3/jsonassert-1.5.3.jar:/Users/leonardoolivera/.m2/repository/com/vaadin/external/google/android-json/0.0.20131108.vaadin1/android-json-0.0.20131108.vaadin1.jar:/Users/leonardoolivera/.m2/repository/org/springframework/spring-core/6.2.8/spring-core-6.2.8.jar:/Users/leonardoolivera/.m2/repository/org/springframework/spring-jcl/6.2.8/spring-jcl-6.2.8.jar:/Users/leonardoolivera/.m2/repository/org/springframework/spring-test/6.2.8/spring-test-6.2.8.jar:/Users/leonardoolivera/.m2/repository/org/xmlunit/xmlunit-core/2.10.2/xmlunit-core-2.10.2.jar:/Users/leonardoolivera/.m2/repository/jakarta/servlet/jakarta.servlet-api/6.0.0/jakarta.servlet-api-6.0.0.jar:/Users/leonardoolivera/.m2/repository/org/hibernate/validator/hibernate-validator/9.0.1.Final/hibernate-validator-9.0.1.Final.jar:/Users/leonardoolivera/.m2/repository/org/jboss/logging/jboss-logging/3.6.1.Final/jboss-logging-3.6.1.Final.jar:/Users/leonardoolivera/.m2/repository/com/fasterxml/classmate/1.7.0/classmate-1.7.0.jar:/Users/leonardoolivera/.m2/repository/jakarta/validation/jakarta.validation-api/3.1.1/jakarta.validation-api-3.1.1.jar:/Users/leonardoolivera/.m2/repository/org/testcontainers/junit-jupiter/1.19.3/junit-jupiter-1.19.3.jar:/Users/leonardoolivera/.m2/repository/org/testcontainers/testcontainers/1.21.2/testcontainers-1.21.2.jar:/Users/leonardoolivera/.m2/repository/junit/junit/4.13.2/junit-4.13.2.jar:/Users/leonardoolivera/.m2/repository/org/hamcrest/hamcrest-core/3.0/hamcrest-core-3.0.jar:/Users/leonardoolivera/.m2/repository/org/apache/commons/commons-compress/1.24.0/commons-compress-1.24.0.jar:/Users/leonardoolivera/.m2/repository/org/rnorth/duct-tape/duct-tape/1.0.8/duct-tape-1.0.8.jar:/Users/leonardoolivera/.m2/repository/org/jetbrains/annotations/17.0.0/annotations-17.0.0.jar:/Users/leonardoolivera/.m2/repository/com/github/docker-java/docker-java-api/3.4.2/docker-java-api-3.4.2.jar:/Users/leonardoolivera/.m2/repository/com/github/docker-java/docker-java-transport-zerodep/3.4.2/docker-java-transport-zerodep-3.4.2.jar:/Users/leonardoolivera/.m2/repository/com/github/docker-java/docker-java-transport/3.4.2/docker-java-transport-3.4.2.jar:/Users/leonardoolivera/.m2/repository/org/testcontainers/mongodb/1.19.3/mongodb-1.19.3.jar:/Users/leonardoolivera/.m2/repository/org/testcontainers/kafka/1.19.3/kafka-1.19.3.jar:/Users/leonardoolivera/.m2/repository/org/springframework/boot/spring-boot-starter-webflux/3.5.3/spring-boot-starter-webflux-3.5.3.jar:/Users/leonardoolivera/.m2/repository/org/springframework/boot/spring-boot-starter-reactor-netty/3.5.3/spring-boot-starter-reactor-netty-3.5.3.jar:/Users/leonardoolivera/.m2/repository/io/projectreactor/netty/reactor-netty-http/1.2.7/reactor-netty-http-1.2.7.jar:/Users/leonardoolivera/.m2/repository/io/netty/netty-codec-http/4.1.122.Final/netty-codec-http-4.1.122.Final.jar:/Users/leonardoolivera/.m2/repository/io/netty/netty-common/4.1.122.Final/netty-common-4.1.122.Final.jar:/Users/leonardoolivera/.m2/repository/io/netty/netty-buffer/4.1.122.Final/netty-buffer-4.1.122.Final.jar:/Users/leonardoolivera/.m2/repository/io/netty/netty-transport/4.1.122.Final/netty-transport-4.1.122.Final.jar:/Users/leonardoolivera/.m2/repository/io/netty/netty-codec/4.1.122.Final/netty-codec-4.1.122.Final.jar:/Users/leonardoolivera/.m2/repository/io/netty/netty-handler/4.1.122.Final/netty-handler-4.1.122.Final.jar:/Users/leonardoolivera/.m2/repository/io/netty/netty-codec-http2/4.1.122.Final/netty-codec-http2-4.1.122.Final.jar:/Users/leonardoolivera/.m2/repository/io/netty/netty-resolver-dns/4.1.122.Final/netty-resolver-dns-4.1.122.Final.jar:/Users/leonardoolivera/.m2/repository/io/netty/netty-resolver/4.1.122.Final/netty-resolver-4.1.122.Final.jar:/Users/leonardoolivera/.m2/repository/io/netty/netty-codec-dns/4.1.122.Final/netty-codec-dns-4.1.122.Final.jar:/Users/leonardoolivera/.m2/repository/io/netty/netty-resolver-dns-native-macos/4.1.122.Final/netty-resolver-dns-native-macos-4.1.122.Final-osx-x86_64.jar:/Users/leonardoolivera/.m2/repository/io/netty/netty-resolver-dns-classes-macos/4.1.122.Final/netty-resolver-dns-classes-macos-4.1.122.Final.jar:/Users/leonardoolivera/.m2/repository/io/netty/netty-transport-native-epoll/4.1.122.Final/netty-transport-native-epoll-4.1.122.Final-linux-x86_64.jar:/Users/leonardoolivera/.m2/repository/io/netty/netty-transport-native-unix-common/4.1.122.Final/netty-transport-native-unix-common-4.1.122.Final.jar:/Users/leonardoolivera/.m2/repository/io/netty/netty-transport-classes-epoll/4.1.122.Final/netty-transport-classes-epoll-4.1.122.Final.jar:/Users/leonardoolivera/.m2/repository/io/projectreactor/netty/reactor-netty-core/1.2.7/reactor-netty-core-1.2.7.jar:/Users/leonardoolivera/.m2/repository/io/netty/netty-handler-proxy/4.1.122.Final/netty-handler-proxy-4.1.122.Final.jar:/Users/leonardoolivera/.m2/repository/io/netty/netty-codec-socks/4.1.122.Final/netty-codec-socks-4.1.122.Final.jar:/Users/leonardoolivera/.m2/repository/org/springframework/spring-webflux/6.2.8/spring-webflux-6.2.8.jar:/Users/leonardoolivera/.m2/repository/io/projectreactor/reactor-core/3.7.7/reactor-core-3.7.7.jar:/Users/leonardoolivera/.m2/repository/org/reactivestreams/reactive-streams/1.0.4/reactive-streams-1.0.4.jar:/Users/leonardoolivera/.m2/repository/org/springframework/boot/spring-boot-test/3.5.3/spring-boot-test-3.5.3.jar:/Users/leonardoolivera/.m2/repository/org/springframework/boot/spring-boot/3.5.3/spring-boot-3.5.3.jar:/Users/leonardoolivera/.m2/repository/de/flapdoodle/embed/de.flapdoodle.embed.mongo/4.20.1/de.flapdoodle.embed.mongo-4.20.1.jar:/Users/leonardoolivera/.m2/repository/de/flapdoodle/embed/de.flapdoodle.embed.process/4.16.1/de.flapdoodle.embed.process-4.16.1.jar:/Users/leonardoolivera/.m2/repository/de/flapdoodle/reverse/de.flapdoodle.reverse/1.9.1/de.flapdoodle.reverse-1.9.1.jar:/Users/leonardoolivera/.m2/repository/de/flapdoodle/graph/de.flapdoodle.graph/1.3.4/de.flapdoodle.graph-1.3.4.jar:/Users/leonardoolivera/.m2/repository/org/jgrapht/jgrapht-core/1.4.0/jgrapht-core-1.4.0.jar:/Users/leonardoolivera/.m2/repository/org/jheaps/jheaps/0.11/jheaps-0.11.jar:/Users/leonardoolivera/.m2/repository/de/flapdoodle/java8/de.flapdoodle.java8/1.7.2/de.flapdoodle.java8-1.7.2.jar:/Users/leonardoolivera/.m2/repository/org/apache/commons/commons-lang3/3.17.0/commons-lang3-3.17.0.jar:/Users/leonardoolivera/.m2/repository/net/java/dev/jna/jna/5.17.0/jna-5.17.0.jar:/Users/leonardoolivera/.m2/repository/net/java/dev/jna/jna-platform/5.17.0/jna-platform-5.17.0.jar:/Users/leonardoolivera/.m2/repository/de/flapdoodle/de.flapdoodle.os-api/1.7.1/de.flapdoodle.os-api-1.7.1.jar:/Users/leonardoolivera/.m2/repository/de/flapdoodle/embed/de.flapdoodle.embed.mongo.packageresolver/4.20.1/de.flapdoodle.embed.mongo.packageresolver-4.20.1.jar:/Users/leonardoolivera/.m2/repository/de/flapdoodle/de.flapdoodle.os/1.9.2/de.flapdoodle.os-1.9.2.jar:/Users/leonardoolivera/.m2/repository/org/projectlombok/lombok/1.18.38/lombok-1.18.38.jar:"/>
    <property name="sun.cpu.endian" value="little"/>
    <property name="user.home" value="/Users/leonardoolivera"/>
    <property name="user.language" value="en"/>
    <property name="java.specification.vendor" value="Oracle Corporation"/>
    <property name="java.version.date" value="2025-04-15"/>
    <property name="java.home" value="/Users/leonardoolivera/.sdkman/candidates/java/21.0.7-amzn"/>
    <property name="file.separator" value="/"/>
    <property name="basedir" value="/Users/leonardoolivera/work/personal/challenge_MindData/V2/spaceship-api"/>
    <property name="java.vm.compressedOopsMode" value="Zero based"/>
    <property name="line.separator" value="&#10;"/>
    <property name="java.vm.specification.vendor" value="Oracle Corporation"/>
    <property name="java.specification.name" value="Java Platform API Specification"/>
    <property name="FILE_LOG_CHARSET" value="UTF-8"/>
    <property name="java.awt.headless" value="true"/>
    <property name="apple.awt.application.name" value="ForkedBooter"/>
    <property name="surefire.real.class.path" value="/Users/leonardoolivera/work/personal/challenge_MindData/V2/spaceship-api/target/surefire/surefirebooter-20250718100454987_3.jar"/>
    <property name="sun.management.compiler" value="HotSpot 64-Bit Tiered Compilers"/>
    <property name="ftp.nonProxyHosts" value="local|*.local|169.254/16|*.169.254/16"/>
    <property name="java.runtime.version" value="21.0.7+6-LTS"/>
    <property name="user.name" value="leonardoolivera"/>
    <property name="stdout.encoding" value="UTF-8"/>
    <property name="path.separator" value=":"/>
    <property name="os.version" value="15.5"/>
    <property name="java.runtime.name" value="OpenJDK Runtime Environment"/>
    <property name="file.encoding" value="UTF-8"/>
    <property name="java.vm.name" value="OpenJDK 64-Bit Server VM"/>
    <property name="java.vendor.version" value="Corretto-21.0.7.6.1"/>
    <property name="localRepository" value="/Users/leonardoolivera/.m2/repository"/>
    <property name="java.vendor.url.bug" value="https://github.com/corretto/corretto-21/issues/"/>
    <property name="java.io.tmpdir" value="/var/folders/bf/6gbbfr1j6nl_vzt4ts4w6nkh0000gn/T/"/>
    <property name="catalina.home" value="/private/var/folders/bf/6gbbfr1j6nl_vzt4ts4w6nkh0000gn/T/tomcat.0.2440340974259605161"/>
    <property name="java.version" value="21.0.7"/>
    <property name="user.dir" value="/Users/leonardoolivera/work/personal/challenge_MindData/V2/spaceship-api"/>
    <property name="os.arch" value="aarch64"/>
    <property name="java.vm.specification.name" value="Java Virtual Machine Specification"/>
    <property name="PID" value="43516"/>
    <property name="CONSOLE_LOG_CHARSET" value="UTF-8"/>
    <property name="catalina.base" value="/private/var/folders/bf/6gbbfr1j6nl_vzt4ts4w6nkh0000gn/T/tomcat.0.2440340974259605161"/>
    <property name="native.encoding" value="UTF-8"/>
    <property name="java.library.path" value="/Users/leonardoolivera/Library/Java/Extensions:/Library/Java/Extensions:/Network/Library/Java/Extensions:/System/Library/Java/Extensions:/usr/lib/java:."/>
    <property name="java.vm.info" value="mixed mode, sharing"/>
    <property name="stderr.encoding" value="UTF-8"/>
    <property name="java.vendor" value="Amazon.com Inc."/>
    <property name="java.vm.version" value="21.0.7+6-LTS"/>
    <property name="sun.io.unicode.encoding" value="UnicodeBig"/>
    <property name="socksNonProxyHosts" value="local|*.local|169.254/16|*.169.254/16"/>
    <property name="java.class.version" value="65.0"/>
  </properties>
  <testcase name="testGetById_shouldReturnSpaceship" classname="com.spacefleet.spaceshipapi.controller.SpaceshipControllerTest" time="0.014">
    <system-out><![CDATA[2025-07-18T10:06:07.847-03:00  INFO 43516 --- [           main] t.c.s.AnnotationConfigContextLoaderUtils : Could not detect default configuration classes for test class [com.spacefleet.spaceshipapi.controller.SpaceshipControllerTest]: SpaceshipControllerTest does not declare any static, non-private, non-final, nested classes annotated with @Configuration.
2025-07-18T10:06:07.863-03:00  INFO 43516 --- [           main] .b.t.c.SpringBootTestContextBootstrapper : Found @SpringBootConfiguration com.spacefleet.spaceshipapi.SpaceshipApiApplication for test class com.spacefleet.spaceshipapi.controller.SpaceshipControllerTest

  .   ____          _            __ _ _
 /\\ / ___'_ __ _ _(_)_ __  __ _ \ \ \ \
( ( )\___ | '_ | '_| | '_ \/ _` | \ \ \ \
 \\/  ___)| |_)| | | | | || (_| |  ) ) ) )
  '  |____| .__|_| |_|_| |_\__, | / / / /
 =========|_|==============|___/=/_/_/_/

 :: Spring Boot ::                (v3.5.3)

2025-07-18T10:06:07.887-03:00  INFO 43516 --- [           main] c.s.s.c.SpaceshipControllerTest          : Starting SpaceshipControllerTest using Java 21.0.7 with PID 43516 (started by leonardoolivera in /Users/leonardoolivera/work/personal/challenge_MindData/V2/spaceship-api)
2025-07-18T10:06:07.888-03:00  INFO 43516 --- [           main] c.s.s.c.SpaceshipControllerTest          : The following 1 profile is active: "local"
2025-07-18T10:06:07.890-03:00 DEBUG 43516 --- [           main] o.s.w.c.s.GenericWebApplicationContext   : Refreshing org.springframework.web.context.support.GenericWebApplicationContext@105c3bea
2025-07-18T10:06:08.131-03:00 DEBUG 43516 --- [           main] s.w.s.m.m.a.RequestMappingHandlerMapping : 8 mappings in 'requestMappingHandlerMapping'
2025-07-18T10:06:08.172-03:00 DEBUG 43516 --- [           main] o.s.w.s.handler.SimpleUrlHandlerMapping  : Patterns [/webjars/**, /**] in 'resourceHandlerMapping'
2025-07-18T10:06:08.188-03:00 DEBUG 43516 --- [           main] s.w.s.m.m.a.RequestMappingHandlerAdapter : ControllerAdvice beans: 0 @ModelAttribute, 0 @InitBinder, 1 RequestBodyAdvice, 1 ResponseBodyAdvice
2025-07-18T10:06:08.197-03:00 DEBUG 43516 --- [           main] .m.m.a.ExceptionHandlerExceptionResolver : ControllerAdvice beans: 1 @ExceptionHandler, 1 ResponseBodyAdvice
2025-07-18T10:06:08.222-03:00  WARN 43516 --- [           main] .s.s.UserDetailsServiceAutoConfiguration : 

Using generated security password: 0b5fc825-f77e-4737-812d-e86ae122ff8f

This generated password is for development use only. Your security configuration must be updated before running your application in production.

2025-07-18T10:06:08.223-03:00  INFO 43516 --- [           main] r$InitializeUserDetailsManagerConfigurer : Global AuthenticationManager configured with UserDetailsService bean with name inMemoryUserDetailsManager
2025-07-18T10:06:08.250-03:00  INFO 43516 --- [           main] o.s.b.t.m.w.SpringBootMockServletContext : Initializing Spring TestDispatcherServlet ''
2025-07-18T10:06:08.250-03:00  INFO 43516 --- [           main] o.s.t.web.servlet.TestDispatcherServlet  : Initializing Servlet ''
2025-07-18T10:06:08.251-03:00  INFO 43516 --- [           main] o.s.t.web.servlet.TestDispatcherServlet  : Completed initialization in 1 ms
2025-07-18T10:06:08.258-03:00  INFO 43516 --- [           main] c.s.s.c.SpaceshipControllerTest          : Started SpaceshipControllerTest in 0.393 seconds (process running for 73.223)
2025-07-18T10:06:08.264-03:00 DEBUG 43516 --- [           main] s.w.s.m.m.a.RequestMappingHandlerMapping : Mapped to com.spacefleet.spaceshipapi.controller.SpaceshipController#getById(String)
2025-07-18T10:06:08.271-03:00 DEBUG 43516 --- [           main] o.s.w.s.m.m.a.HttpEntityMethodProcessor  : Using 'application/json', given [*/*] and supported [application/json, application/*+json, application/yaml]
2025-07-18T10:06:08.271-03:00 DEBUG 43516 --- [           main] o.s.w.s.m.m.a.HttpEntityMethodProcessor  : Writing [SpaceshipDTO[id=1, name=X-Wing, model=T-65, manufacturer=SpaceX]]
]]></system-out>
  </testcase>
  <testcase name="testUpdate_shouldReturnUpdatedSpaceship" classname="com.spacefleet.spaceshipapi.controller.SpaceshipControllerTest" time="0.01">
    <system-out><![CDATA[2025-07-18T10:06:08.277-03:00 DEBUG 43516 --- [           main] s.w.s.m.m.a.RequestMappingHandlerMapping : Mapped to com.spacefleet.spaceshipapi.controller.SpaceshipController#update(String, SpaceshipDTO)
2025-07-18T10:06:08.278-03:00 DEBUG 43516 --- [           main] m.m.a.RequestResponseBodyMethodProcessor : Read "application/json" to [SpaceshipDTO[id=1, name=X-Wing, model=T-65, manufacturer=SpaceX]]
2025-07-18T10:06:08.281-03:00 DEBUG 43516 --- [           main] o.s.w.s.m.m.a.HttpEntityMethodProcessor  : Using 'application/json', given [*/*] and supported [application/json, application/*+json, application/yaml]
2025-07-18T10:06:08.282-03:00 DEBUG 43516 --- [           main] o.s.w.s.m.m.a.HttpEntityMethodProcessor  : Writing [SpaceshipDTO[id=1, name=X-Wing, model=T-65, manufacturer=SpaceX]]
]]></system-out>
  </testcase>
  <testcase name="testCreate_shouldReturnCreatedSpaceship" classname="com.spacefleet.spaceshipapi.controller.SpaceshipControllerTest" time="0.006">
    <system-out><![CDATA[2025-07-18T10:06:08.287-03:00 DEBUG 43516 --- [           main] s.w.s.m.m.a.RequestMappingHandlerMapping : Mapped to com.spacefleet.spaceshipapi.controller.SpaceshipController#create(SpaceshipDTO)
2025-07-18T10:06:08.288-03:00 DEBUG 43516 --- [           main] m.m.a.RequestResponseBodyMethodProcessor : Read "application/json" to [SpaceshipDTO[id=1, name=X-Wing, model=T-65, manufacturer=SpaceX]]
2025-07-18T10:06:08.288-03:00 DEBUG 43516 --- [           main] o.s.w.s.m.m.a.HttpEntityMethodProcessor  : Using 'application/json', given [*/*] and supported [application/json, application/*+json, application/yaml]
2025-07-18T10:06:08.289-03:00 DEBUG 43516 --- [           main] o.s.w.s.m.m.a.HttpEntityMethodProcessor  : Writing [SpaceshipDTO[id=1, name=X-Wing, model=T-65, manufacturer=SpaceX]]
]]></system-out>
  </testcase>
  <testcase name="testGetById_shouldFail_whenIdIsBlank" classname="com.spacefleet.spaceshipapi.controller.SpaceshipControllerTest" time="0.019">
    <system-out><![CDATA[2025-07-18T10:06:08.293-03:00 DEBUG 43516 --- [           main] s.w.s.m.m.a.RequestMappingHandlerMapping : Mapped to com.spacefleet.spaceshipapi.controller.SpaceshipController#getById(String)
2025-07-18T10:06:08.302-03:00 DEBUG 43516 --- [           main] .m.m.a.ExceptionHandlerExceptionResolver : Using @ExceptionHandler com.spacefleet.spaceshipapi.exception.GlobalExceptionHandler#handleConstraintViolationException(ConstraintViolationException)
2025-07-18T10:06:08.303-03:00 DEBUG 43516 --- [           main] o.s.w.s.m.m.a.HttpEntityMethodProcessor  : Using 'application/json', given [*/*] and supported [application/json, application/*+json, application/yaml]
2025-07-18T10:06:08.303-03:00 DEBUG 43516 --- [           main] o.s.w.s.m.m.a.HttpEntityMethodProcessor  : Writing [{message=Parameter validation failed, errors={getById.id=must not be blank}, timestamp=2025-07-18T10 (truncated)...]
2025-07-18T10:06:08.305-03:00 DEBUG 43516 --- [           main] .m.m.a.ExceptionHandlerExceptionResolver : Resolved [jakarta.validation.ConstraintViolationException: getById.id: must not be blank]
]]></system-out>
  </testcase>
  <testcase name="testSearchByName_shouldReturnList" classname="com.spacefleet.spaceshipapi.controller.SpaceshipControllerTest" time="0.011">
    <system-out><![CDATA[2025-07-18T10:06:08.315-03:00 DEBUG 43516 --- [           main] s.w.s.m.m.a.RequestMappingHandlerMapping : Mapped to com.spacefleet.spaceshipapi.controller.SpaceshipController#searchByName(String, int, int)
2025-07-18T10:06:08.318-03:00 DEBUG 43516 --- [           main] o.s.w.s.m.m.a.HttpEntityMethodProcessor  : Using 'application/json', given [*/*] and supported [application/json, application/*+json, application/yaml]
2025-07-18T10:06:08.319-03:00 DEBUG 43516 --- [           main] o.s.w.s.m.m.a.HttpEntityMethodProcessor  : Writing [PaginatedResponseDTO[content=[SpaceshipDTO[id=1, name=X-Wing, model=T-65, manufacturer=SpaceX]], pag (truncated)...]
]]></system-out>
  </testcase>
  <testcase name="testCreate_shouldFail_whenFieldsAreBlank" classname="com.spacefleet.spaceshipapi.controller.SpaceshipControllerTest" time="0.01">
    <system-out><![CDATA[2025-07-18T10:06:08.326-03:00 DEBUG 43516 --- [           main] s.w.s.m.m.a.RequestMappingHandlerMapping : Mapped to com.spacefleet.spaceshipapi.controller.SpaceshipController#create(SpaceshipDTO)
2025-07-18T10:06:08.326-03:00 DEBUG 43516 --- [           main] m.m.a.RequestResponseBodyMethodProcessor : Read "application/json" to [SpaceshipDTO[id=123, name=, model=, manufacturer=]]
2025-07-18T10:06:08.329-03:00 DEBUG 43516 --- [           main] .m.m.a.ExceptionHandlerExceptionResolver : Using @ExceptionHandler com.spacefleet.spaceshipapi.exception.GlobalExceptionHandler#handleValidationException(MethodArgumentNotValidException)
2025-07-18T10:06:08.330-03:00 DEBUG 43516 --- [           main] o.s.w.s.m.m.a.HttpEntityMethodProcessor  : Using 'application/json', given [*/*] and supported [application/json, application/*+json, application/yaml]
2025-07-18T10:06:08.330-03:00 DEBUG 43516 --- [           main] o.s.w.s.m.m.a.HttpEntityMethodProcessor  : Writing [{message=Validation failed, errors={name=Spaceship Name is required}, timestamp=2025-07-18T10:06:08. (truncated)...]
2025-07-18T10:06:08.331-03:00 DEBUG 43516 --- [           main] .m.m.a.ExceptionHandlerExceptionResolver : Resolved [org.springframework.web.bind.MethodArgumentNotValidException: Validation failed for argument [0] in public org.springframework.http.ResponseEntity<com.spacefleet.spaceshipapi.dto.SpaceshipDTO> com.spacefleet.spaceshipapi.controller.SpaceshipController.create(com.spacefleet.spaceshipapi.dto.SpaceshipDTO): [Field error in object 'spaceshipDTO' on field 'name': rejected value []; codes [NotBlank.spaceshipDTO.name,NotBlank.name,NotBlank.java.lang.String,NotBlank]; arguments [org.springframework.context.support.DefaultMessageSourceResolvable: codes [spaceshipDTO.name,name]; arguments []; default message [name]]; default message [Spaceship Name is required]] ]
]]></system-out>
  </testcase>
  <testcase name="testSearchByName_shouldFail_whenNameTooLong" classname="com.spacefleet.spaceshipapi.controller.SpaceshipControllerTest" time="0.006">
    <system-out><![CDATA[2025-07-18T10:06:08.335-03:00 DEBUG 43516 --- [           main] s.w.s.m.m.a.RequestMappingHandlerMapping : Mapped to com.spacefleet.spaceshipapi.controller.SpaceshipController#searchByName(String, int, int)
2025-07-18T10:06:08.337-03:00 DEBUG 43516 --- [           main] .m.m.a.ExceptionHandlerExceptionResolver : Using @ExceptionHandler com.spacefleet.spaceshipapi.exception.GlobalExceptionHandler#handleConstraintViolationException(ConstraintViolationException)
2025-07-18T10:06:08.337-03:00 DEBUG 43516 --- [           main] o.s.w.s.m.m.a.HttpEntityMethodProcessor  : Using 'application/json', given [*/*] and supported [application/json, application/*+json, application/yaml]
2025-07-18T10:06:08.337-03:00 DEBUG 43516 --- [           main] o.s.w.s.m.m.a.HttpEntityMethodProcessor  : Writing [{message=Parameter validation failed, errors={searchByName.name=size must be between 0 and 100}, tim (truncated)...]
2025-07-18T10:06:08.338-03:00 DEBUG 43516 --- [           main] .m.m.a.ExceptionHandlerExceptionResolver : Resolved [jakarta.validation.ConstraintViolationException: searchByName.name: size must be between 0 and 100]
]]></system-out>
  </testcase>
  <testcase name="testGetAll_shouldReturnPaginatedSpaceships" classname="com.spacefleet.spaceshipapi.controller.SpaceshipControllerTest" time="0.007">
    <system-out><![CDATA[2025-07-18T10:06:08.342-03:00 DEBUG 43516 --- [           main] s.w.s.m.m.a.RequestMappingHandlerMapping : Mapped to com.spacefleet.spaceshipapi.controller.SpaceshipController#getAll(int, int)
2025-07-18T10:06:08.345-03:00 DEBUG 43516 --- [           main] o.s.w.s.m.m.a.HttpEntityMethodProcessor  : Using 'application/json', given [*/*] and supported [application/json, application/*+json, application/yaml]
2025-07-18T10:06:08.345-03:00 DEBUG 43516 --- [           main] o.s.w.s.m.m.a.HttpEntityMethodProcessor  : Writing [PaginatedResponseDTO[content=[SpaceshipDTO[id=1, name=X-Wing, model=T-65, manufacturer=SpaceX]], pag (truncated)...]
]]></system-out>
  </testcase>
  <testcase name="testUpdate_shouldFail_whenFieldsAreBlank" classname="com.spacefleet.spaceshipapi.controller.SpaceshipControllerTest" time="0.006">
    <system-out><![CDATA[2025-07-18T10:06:08.350-03:00 DEBUG 43516 --- [           main] s.w.s.m.m.a.RequestMappingHandlerMapping : Mapped to com.spacefleet.spaceshipapi.controller.SpaceshipController#update(String, SpaceshipDTO)
2025-07-18T10:06:08.350-03:00 DEBUG 43516 --- [           main] m.m.a.RequestResponseBodyMethodProcessor : Read "application/json" to [SpaceshipDTO[id=123, name=, model=, manufacturer=]]
2025-07-18T10:06:08.351-03:00 DEBUG 43516 --- [           main] .m.m.a.ExceptionHandlerExceptionResolver : Using @ExceptionHandler com.spacefleet.spaceshipapi.exception.GlobalExceptionHandler#handleValidationException(MethodArgumentNotValidException)
2025-07-18T10:06:08.351-03:00 DEBUG 43516 --- [           main] o.s.w.s.m.m.a.HttpEntityMethodProcessor  : Using 'application/json', given [*/*] and supported [application/json, application/*+json, application/yaml]
2025-07-18T10:06:08.351-03:00 DEBUG 43516 --- [           main] o.s.w.s.m.m.a.HttpEntityMethodProcessor  : Writing [{message=Validation failed, errors={name=Spaceship Name is required}, timestamp=2025-07-18T10:06:08. (truncated)...]
2025-07-18T10:06:08.352-03:00 DEBUG 43516 --- [           main] .m.m.a.ExceptionHandlerExceptionResolver : Resolved [org.springframework.web.bind.MethodArgumentNotValidException: Validation failed for argument [1] in public org.springframework.http.ResponseEntity<com.spacefleet.spaceshipapi.dto.SpaceshipDTO> com.spacefleet.spaceshipapi.controller.SpaceshipController.update(java.lang.String,com.spacefleet.spaceshipapi.dto.SpaceshipDTO): [Field error in object 'spaceshipDTO' on field 'name': rejected value []; codes [NotBlank.spaceshipDTO.name,NotBlank.name,NotBlank.java.lang.String,NotBlank]; arguments [org.springframework.context.support.DefaultMessageSourceResolvable: codes [spaceshipDTO.name,name]; arguments []; default message [name]]; default message [Spaceship Name is required]] ]
]]></system-out>
  </testcase>
  <testcase name="testDelete_shouldReturnNoContent" classname="com.spacefleet.spaceshipapi.controller.SpaceshipControllerTest" time="0.005">
    <system-out><![CDATA[2025-07-18T10:06:08.356-03:00 DEBUG 43516 --- [           main] s.w.s.m.m.a.RequestMappingHandlerMapping : Mapped to com.spacefleet.spaceshipapi.controller.SpaceshipController#delete(String)
2025-07-18T10:06:08.358-03:00 DEBUG 43516 --- [           main] o.s.w.s.m.m.a.HttpEntityMethodProcessor  : Using 'application/json', given [*/*] and supported [application/json, application/*+json, application/yaml]
2025-07-18T10:06:08.358-03:00 DEBUG 43516 --- [           main] o.s.w.s.m.m.a.HttpEntityMethodProcessor  : Nothing to write: null body
]]></system-out>
  </testcase>
  <testcase name="testGetById_shouldFail_whenIdTooLong" classname="com.spacefleet.spaceshipapi.controller.SpaceshipControllerTest" time="0.004">
    <system-out><![CDATA[2025-07-18T10:06:08.361-03:00 DEBUG 43516 --- [           main] s.w.s.m.m.a.RequestMappingHandlerMapping : Mapped to com.spacefleet.spaceshipapi.controller.SpaceshipController#getById(String)
2025-07-18T10:06:08.362-03:00 DEBUG 43516 --- [           main] .m.m.a.ExceptionHandlerExceptionResolver : Using @ExceptionHandler com.spacefleet.spaceshipapi.exception.GlobalExceptionHandler#handleConstraintViolationException(ConstraintViolationException)
2025-07-18T10:06:08.362-03:00 DEBUG 43516 --- [           main] o.s.w.s.m.m.a.HttpEntityMethodProcessor  : Using 'application/json', given [*/*] and supported [application/json, application/*+json, application/yaml]
2025-07-18T10:06:08.362-03:00 DEBUG 43516 --- [           main] o.s.w.s.m.m.a.HttpEntityMethodProcessor  : Writing [{message=Parameter validation failed, errors={getById.id=size must be between 1 and 50}, timestamp=2 (truncated)...]
2025-07-18T10:06:08.363-03:00 DEBUG 43516 --- [           main] .m.m.a.ExceptionHandlerExceptionResolver : Resolved [jakarta.validation.ConstraintViolationException: getById.id: size must be between 1 and 50]
]]></system-out>
  </testcase>
  <testcase name="testDelete_shouldFail_whenIdIsBlank" classname="com.spacefleet.spaceshipapi.controller.SpaceshipControllerTest" time="0.005">
    <system-out><![CDATA[2025-07-18T10:06:08.367-03:00 DEBUG 43516 --- [           main] s.w.s.m.m.a.RequestMappingHandlerMapping : Mapped to com.spacefleet.spaceshipapi.controller.SpaceshipController#delete(String)
2025-07-18T10:06:08.367-03:00 DEBUG 43516 --- [           main] .m.m.a.ExceptionHandlerExceptionResolver : Using @ExceptionHandler com.spacefleet.spaceshipapi.exception.GlobalExceptionHandler#handleConstraintViolationException(ConstraintViolationException)
2025-07-18T10:06:08.368-03:00 DEBUG 43516 --- [           main] o.s.w.s.m.m.a.HttpEntityMethodProcessor  : Using 'application/json', given [*/*] and supported [application/json, application/*+json, application/yaml]
2025-07-18T10:06:08.368-03:00 DEBUG 43516 --- [           main] o.s.w.s.m.m.a.HttpEntityMethodProcessor  : Writing [{message=Parameter validation failed, errors={delete.id=must not be blank}, timestamp=2025-07-18T10: (truncated)...]
2025-07-18T10:06:08.368-03:00 DEBUG 43516 --- [           main] .m.m.a.ExceptionHandlerExceptionResolver : Resolved [jakarta.validation.ConstraintViolationException: delete.id: must not be blank]
]]></system-out>
  </testcase>
</testsuite>